Log file open, 02/29/20 14:03:43
LogWindows: Failed to load 'aqProf.dll' (GetLastError=126)
LogWindows: File 'aqProf.dll' does not exist
LogWindows: Failed to load 'VtuneApi.dll' (GetLastError=126)
LogWindows: File 'VtuneApi.dll' does not exist
LogWindows: Failed to load 'VtuneApi32e.dll' (GetLastError=126)
LogWindows: File 'VtuneApi32e.dll' does not exist
LogConsoleResponse: Display: Failed to find resolution value strings in scalability ini. Falling back to default.
LogInit: Display: Running engine for game: FantasyVillageSDDemo
LogPlatformFile: Not using cached read wrapper
LogTaskGraph: Started task graph with 5 named threads and 23 total threads with 3 sets of task threads.
LogStats: Stats thread started at 1.579720
LogD3D11RHI: Loaded GFSDK_Aftermath_Lib.x64.dll
LogICUInternationalization: ICU TimeZone Detection - Raw Offset: -8:00, Platform Override: ''
LogPluginManager: Mounting plugin Paper2D
LogPluginManager: Mounting plugin AISupport
LogPluginManager: Mounting plugin LightPropagationVolume
LogPluginManager: Mounting plugin ActorLayerUtilities
LogPluginManager: Mounting plugin AnimationSharing
LogPluginManager: Mounting plugin CLionSourceCodeAccess
LogPluginManager: Mounting plugin CodeLiteSourceCodeAccess
LogPluginManager: Mounting plugin GitSourceControl
LogPluginManager: Mounting plugin KDevelopSourceCodeAccess
LogPluginManager: Mounting plugin NullSourceCodeAccess
LogPluginManager: Mounting plugin PerforceSourceControl
LogPluginManager: Mounting plugin SubversionSourceControl
LogPluginManager: Mounting plugin UObjectPlugin
LogPluginManager: Mounting plugin VisualStudioCodeSourceCodeAccess
LogPluginManager: Mounting plugin VisualStudioSourceCodeAccess
LogPluginManager: Mounting plugin XCodeSourceCodeAccess
LogPluginManager: Mounting plugin AssetManagerEditor
LogPluginManager: Mounting plugin CryptoKeys
LogPluginManager: Mounting plugin CurveEditorTools
LogPluginManager: Mounting plugin DataValidation
LogPluginManager: Mounting plugin FacialAnimation
LogPluginManager: Mounting plugin GameplayTagsEditor
LogPluginManager: Mounting plugin MacGraphicsSwitching
LogPluginManager: Mounting plugin MaterialAnalyzer
LogPluginManager: Mounting plugin MobileLauncherProfileWizard
LogPluginManager: Mounting plugin PluginBrowser
LogPluginManager: Mounting plugin SpeedTreeImporter
LogPluginManager: Mounting plugin DatasmithContent
LogPluginManager: Mounting plugin VariantManagerContent
LogPluginManager: Mounting plugin AlembicImporter
LogPluginManager: Mounting plugin AutomationUtils
LogPluginManager: Mounting plugin BackChannel
LogPluginManager: Mounting plugin CharacterAI
LogPluginManager: Mounting plugin GeometryCache
LogPluginManager: Mounting plugin HTML5Networking
LogPluginManager: Mounting plugin PlatformCrypto
LogPluginManager: Mounting plugin ProxyLODPlugin
LogPluginManager: Mounting plugin SkeletalReduction
LogPluginManager: Mounting plugin MagicLeap
LogPluginManager: Mounting plugin MagicLeapMedia
LogPluginManager: Mounting plugin AndroidMedia
LogPluginManager: Mounting plugin AvfMedia
LogPluginManager: Mounting plugin ImgMedia
LogPluginManager: Mounting plugin MediaCompositing
LogPluginManager: Mounting plugin MediaPlayerEditor
LogPluginManager: Mounting plugin WebMMedia
LogPluginManager: Mounting plugin WmfMedia
LogPluginManager: Mounting plugin TcpMessaging
LogPluginManager: Mounting plugin UdpMessaging
LogPluginManager: Mounting plugin ActorSequence
LogPluginManager: Mounting plugin LevelSequenceEditor
LogPluginManager: Mounting plugin MatineeToLevelSequence
LogPluginManager: Mounting plugin NetcodeUnitTest
LogPluginManager: Mounting plugin NUTUnrealEngine4
LogPluginManager: Mounting plugin OnlineSubsystemGooglePlay
LogPluginManager: Mounting plugin OnlineSubsystemIOS
LogPluginManager: Mounting plugin OnlineSubsystem
LogPluginManager: Mounting plugin OnlineSubsystemNull
LogPluginManager: Mounting plugin OnlineSubsystemUtils
LogPluginManager: Mounting plugin LauncherChunkInstaller
LogPluginManager: Mounting plugin AndroidDeviceProfileSelector
LogPluginManager: Mounting plugin AndroidMoviePlayer
LogPluginManager: Mounting plugin AndroidPermission
LogPluginManager: Mounting plugin AppleImageUtils
LogPluginManager: Mounting plugin AppleMoviePlayer
LogPluginManager: Mounting plugin ArchVisCharacter
LogPluginManager: Mounting plugin AudioCapture
LogPluginManager: Mounting plugin CableComponent
LogPluginManager: Mounting plugin CustomMeshComponent
LogPluginManager: Mounting plugin EditableMesh
LogPluginManager: Mounting plugin ExampleDeviceProfileSelector
LogPluginManager: Mounting plugin GoogleCloudMessaging
LogPluginManager: Mounting plugin IOSDeviceProfileSelector
LogPluginManager: Mounting plugin LinuxDeviceProfileSelector
LogPluginManager: Mounting plugin LocationServicesBPLibrary
LogPluginManager: Mounting plugin MobilePatchingUtils
LogPluginManager: Mounting plugin OculusVR
LogPluginManager: Mounting plugin PhysXVehicles
LogPluginManager: Mounting plugin ProceduralMeshComponent
LogPluginManager: Mounting plugin RuntimePhysXCooking
LogPluginManager: Mounting plugin SignificanceManager
LogPluginManager: Mounting plugin SteamVR
LogPluginManager: Mounting plugin WebMMoviePlayer
LogPluginManager: Mounting plugin WindowsMoviePlayer
LogPluginManager: Mounting plugin ScreenshotTools
LogInit: Using libcurl 7.55.1-DEV
LogInit:  - built for x86_64-pc-win32
LogInit:  - supports SSL with OpenSSL/1.1.1
LogInit:  - supports HTTP deflate (compression) using libz 1.2.8
LogInit:  - other features:
LogInit:      CURL_VERSION_SSL
LogInit:      CURL_VERSION_LIBZ
LogInit:      CURL_VERSION_IPV6
LogInit:      CURL_VERSION_ASYNCHDNS
LogInit:      CURL_VERSION_LARGEFILE
LogInit:      CURL_VERSION_IDN
LogInit:  CurlRequestOptions (configurable via config and command line):
LogInit:  - bVerifyPeer = true  - Libcurl will verify peer certificate
LogInit:  - bUseHttpProxy = false  - Libcurl will NOT use HTTP proxy
LogInit:  - bDontReuseConnections = false  - Libcurl will reuse connections
LogInit:  - MaxHostConnections = 16  - Libcurl will limit the number of connections to a host
LogInit:  - LocalHostAddr = Default
LogInit:  - BufferSize = 65536
LogOnline: OSS: Creating online subsystem instance for: NULL
LogInit: WinSock: version 1.1 (2.2), MaxSocks=32767, MaxUdp=65467
LogInit: Build: ++UE4+Release-4.23-CL-9631420
LogInit: Engine Version: 4.23.1-9631420+++UE4+Release-4.23
LogInit: Compatible Engine Version: 4.23.0-8386587+++UE4+Release-4.23
LogInit: Net CL: 8386587
LogInit: OS: Windows 10 (Release 1903) (), CPU: Intel(R) Core(TM) i5-8250U CPU @ 1.60GHz, GPU: Intel(R) UHD Graphics 620
LogInit: Compiled (64-bit): Oct 18 2019 02:07:44
LogInit: Compiled with Visual C++: 19.16.27030.01
LogInit: Build Configuration: Development
LogInit: Branch Name: ++UE4+Release-4.23
LogInit: Command Line: 
LogInit: Base Directory: F:/Program Files/Unreal Engine/UE_4.23/Engine/Binaries/Win64/
LogInit: Installed Engine Build: 1
LogDevObjectVersion: Number of dev versions registered: 23
LogDevObjectVersion:   Dev-Blueprints (B0D832E4-1F89-4F0D-ACCF-7EB736FD4AA2): 10
LogDevObjectVersion:   Dev-Build (E1C64328-A22C-4D53-A36C-8E866417BD8C): 0
LogDevObjectVersion:   Dev-Core (375EC13C-06E4-48FB-B500-84F0262A717E): 3
LogDevObjectVersion:   Dev-Editor (E4B068ED-F494-42E9-A231-DA0B2E46BB41): 34
LogDevObjectVersion:   Dev-Framework (CFFC743F-43B0-4480-9391-14DF171D2073): 35
LogDevObjectVersion:   Dev-Mobile (B02B49B5-BB20-44E9-A304-32B752E40360): 2
LogDevObjectVersion:   Dev-Networking (A4E4105C-59A1-49B5-A7C5-40C4547EDFEE): 0
LogDevObjectVersion:   Dev-Online (39C831C9-5AE6-47DC-9A44-9C173E1C8E7C): 0
LogDevObjectVersion:   Dev-Physics (78F01B33-EBEA-4F98-B9B4-84EACCB95AA2): 0
LogDevObjectVersion:   Dev-Platform (6631380F-2D4D-43E0-8009-CF276956A95A): 0
LogDevObjectVersion:   Dev-Rendering (12F88B9F-8875-4AFC-A67C-D90C383ABD29): 31
LogDevObjectVersion:   Dev-Sequencer (7B5AE74C-D270-4C10-A958-57980B212A5A): 11
LogDevObjectVersion:   Dev-VR (D7296918-1DD6-4BDD-9DE2-64A83CC13884): 2
LogDevObjectVersion:   Dev-LoadTimes (C2A15278-BFE7-4AFE-6C17-90FF531DF755): 1
LogDevObjectVersion:   Private-Geometry (6EACA3D4-40EC-4CC1-B786-8BED09428FC5): 3
LogDevObjectVersion:   Dev-AnimPhys (29E575DD-E0A3-4627-9D10-D276232CDCEA): 17
LogDevObjectVersion:   Dev-Anim (AF43A65D-7FD3-4947-9873-3E8ED9C1BB05): 2
LogDevObjectVersion:   Dev-ReflectionCapture (6B266CEC-1EC7-4B8F-A30B-E4D90942FC07): 1
LogDevObjectVersion:   Dev-Automation (0DF73D61-A23F-47EA-B727-89E90C41499A): 1
LogDevObjectVersion:   FortniteMain (601D1886-AC64-4F84-AA16-D3DE0DEAC7D6): 27
LogDevObjectVersion:   Dev-Enterprise (9DFFBCD6-494F-0158-E221-12823C92A888): 6
LogDevObjectVersion:   Dev-Niagara (F2AED0AC-9AFE-416F-8664-AA7FFA26D6FC): 1
LogDevObjectVersion:   Dev-Destruction (174F1F0B-B4C6-45A5-B13F-2EE8D0FB917D): 9
LogInit: Presizing for max 16777216 objects, including 0 objects not considered by GC, pre-allocating 0 bytes for permanent pool.
LogInit: Object subsystem initialized
LogConfig: Setting CVar [[con.DebugEarlyDefault:1]]
LogConfig: Setting CVar [[r.setres:1280x720]]
[2020.02.29-22.03.46:531][  0]LogConfig: Setting CVar [[r.VSync:0]]
[2020.02.29-22.03.46:531][  0]LogConfig: Setting CVar [[r.RHICmdBypass:0]]
[2020.02.29-22.03.46:531][  0]LogConfig: Applying CVar settings from Section [/Script/Engine.RendererSettings] File [F:/GitHub/FantasyLevelSDDemo/Saved/Config/Windows/Engine.ini]
[2020.02.29-22.03.46:531][  0]LogConfig: Setting CVar [[r.GPUCrashDebugging:0]]
[2020.02.29-22.03.46:531][  0]LogConfig: Applying CVar settings from Section [/Script/Engine.RendererOverrideSettings] File [F:/GitHub/FantasyLevelSDDemo/Saved/Config/Windows/Engine.ini]
[2020.02.29-22.03.46:532][  0]LogConfig: Applying CVar settings from Section [/Script/Engine.StreamingSettings] File [F:/GitHub/FantasyLevelSDDemo/Saved/Config/Windows/Engine.ini]
[2020.02.29-22.03.46:532][  0]LogConfig: Setting CVar [[s.MinBulkDataSizeForAsyncLoading:131072]]
[2020.02.29-22.03.46:532][  0]LogConfig: Setting CVar [[s.AsyncLoadingThreadEnabled:0]]
[2020.02.29-22.03.46:532][  0]LogConfig: Setting CVar [[s.EventDrivenLoaderEnabled:1]]
[2020.02.29-22.03.46:532][  0]LogConfig: Setting CVar [[s.WarnIfTimeLimitExceeded:0]]
[2020.02.29-22.03.46:532][  0]LogConfig: Setting CVar [[s.TimeLimitExceededMultiplier:1.5]]
[2020.02.29-22.03.46:532][  0]LogConfig: Setting CVar [[s.TimeLimitExceededMinTime:0.005]]
[2020.02.29-22.03.46:532][  0]LogConfig: Setting CVar [[s.UseBackgroundLevelStreaming:1]]
[2020.02.29-22.03.46:532][  0]LogConfig: Setting CVar [[s.PriorityAsyncLoadingExtraTime:15.0]]
[2020.02.29-22.03.46:532][  0]LogConfig: Setting CVar [[s.LevelStreamingActorsUpdateTimeLimit:5.0]]
[2020.02.29-22.03.46:532][  0]LogConfig: Setting CVar [[s.PriorityLevelStreamingActorsUpdateExtraTime:5.0]]
[2020.02.29-22.03.46:532][  0]LogConfig: Setting CVar [[s.LevelStreamingComponentsRegistrationGranularity:10]]
[2020.02.29-22.03.46:532][  0]LogConfig: Setting CVar [[s.UnregisterComponentsTimeLimit:1.0]]
[2020.02.29-22.03.46:532][  0]LogConfig: Setting CVar [[s.LevelStreamingComponentsUnregistrationGranularity:5]]
[2020.02.29-22.03.46:532][  0]LogConfig: Applying CVar settings from Section [/Script/Engine.GarbageCollectionSettings] File [F:/GitHub/FantasyLevelSDDemo/Saved/Config/Windows/Engine.ini]
[2020.02.29-22.03.46:532][  0]LogConfig: Setting CVar [[gc.MaxObjectsNotConsideredByGC:1]]
[2020.02.29-22.03.46:532][  0]LogConfig: Setting CVar [[gc.SizeOfPermanentObjectPool:0]]
[2020.02.29-22.03.46:532][  0]LogConfig: Setting CVar [[gc.FlushStreamingOnGC:0]]
[2020.02.29-22.03.46:532][  0]LogConfig: Setting CVar [[gc.NumRetriesBeforeForcingGC:10]]
[2020.02.29-22.03.46:532][  0]LogConfig: Setting CVar [[gc.AllowParallelGC:1]]
[2020.02.29-22.03.46:532][  0]LogConfig: Setting CVar [[gc.TimeBetweenPurgingPendingKillObjects:61.1]]
[2020.02.29-22.03.46:532][  0]LogConfig: Setting CVar [[gc.MaxObjectsInEditor:16777216]]
[2020.02.29-22.03.46:532][  0]LogConfig: Setting CVar [[gc.IncrementalBeginDestroyEnabled:1]]
[2020.02.29-22.03.46:532][  0]LogConfig: Setting CVar [[gc.CreateGCClusters:1]]
[2020.02.29-22.03.46:532][  0]LogConfig: Setting CVar [[gc.MinGCClusterSize:5]]
[2020.02.29-22.03.46:532][  0]LogConfig: Setting CVar [[gc.ActorClusteringEnabled:0]]
[2020.02.29-22.03.46:532][  0]LogConfig: Setting CVar [[gc.BlueprintClusteringEnabled:0]]
[2020.02.29-22.03.46:532][  0]LogConfig: Setting CVar [[gc.UseDisregardForGCOnDedicatedServers:0]]
[2020.02.29-22.03.46:532][  0]LogConfig: Applying CVar settings from Section [/Script/Engine.NetworkSettings] File [F:/GitHub/FantasyLevelSDDemo/Saved/Config/Windows/Engine.ini]
[2020.02.29-22.03.46:532][  0]LogConfig: Applying CVar settings from Section [/Script/UnrealEd.CookerSettings] File [F:/GitHub/FantasyLevelSDDemo/Saved/Config/Windows/Engine.ini]
[2020.02.29-22.03.46:540][  0]LogConfig: Applying CVar settings from Section [ViewDistanceQuality@3] File [F:/GitHub/FantasyLevelSDDemo/Saved/Config/Windows/Scalability.ini]
[2020.02.29-22.03.46:540][  0]LogConfig: Setting CVar [[r.SkeletalMeshLODBias:0]]
[2020.02.29-22.03.46:540][  0]LogConfig: Setting CVar [[r.ViewDistanceScale:1.0]]
[2020.02.29-22.03.46:540][  0]LogConfig: Applying CVar settings from Section [AntiAliasingQuality@3] File [F:/GitHub/FantasyLevelSDDemo/Saved/Config/Windows/Scalability.ini]
[2020.02.29-22.03.46:540][  0]LogConfig: Setting CVar [[r.PostProcessAAQuality:4]]
[2020.02.29-22.03.46:540][  0]LogConfig: Applying CVar settings from Section [ShadowQuality@3] File [F:/GitHub/FantasyLevelSDDemo/Saved/Config/Windows/Scalability.ini]
[2020.02.29-22.03.46:540][  0]LogConfig: Setting CVar [[r.LightFunctionQuality:1]]
[2020.02.29-22.03.46:540][  0]LogConfig: Setting CVar [[r.ShadowQuality:5]]
[2020.02.29-22.03.46:540][  0]LogConfig: Setting CVar [[r.Shadow.CSM.MaxCascades:10]]
[2020.02.29-22.03.46:540][  0]LogConfig: Setting CVar [[r.Shadow.MaxResolution:2048]]
[2020.02.29-22.03.46:540][  0]LogConfig: Setting CVar [[r.Shadow.MaxCSMResolution:2048]]
[2020.02.29-22.03.46:540][  0]LogConfig: Setting CVar [[r.Shadow.RadiusThreshold:0.01]]
[2020.02.29-22.03.46:540][  0]LogConfig: Setting CVar [[r.Shadow.DistanceScale:1.0]]
[2020.02.29-22.03.46:540][  0]LogConfig: Setting CVar [[r.Shadow.CSM.TransitionScale:1.0]]
[2020.02.29-22.03.46:540][  0]LogConfig: Setting CVar [[r.Shadow.PreShadowResolutionFactor:1.0]]
[2020.02.29-22.03.46:540][  0]LogConfig: Setting CVar [[r.DistanceFieldShadowing:1]]
[2020.02.29-22.03.46:540][  0]LogConfig: Setting CVar [[r.DistanceFieldAO:1]]
[2020.02.29-22.03.46:540][  0]LogConfig: Setting CVar [[r.AOQuality:2]]
[2020.02.29-22.03.46:540][  0]LogConfig: Setting CVar [[r.VolumetricFog:1]]
[2020.02.29-22.03.46:541][  0]LogConfig: Setting CVar [[r.VolumetricFog.GridPixelSize:8]]
[2020.02.29-22.03.46:541][  0]LogConfig: Setting CVar [[r.VolumetricFog.GridSizeZ:128]]
[2020.02.29-22.03.46:541][  0]LogConfig: Setting CVar [[r.VolumetricFog.HistoryMissSupersampleCount:4]]
[2020.02.29-22.03.46:541][  0]LogConfig: Setting CVar [[r.LightMaxDrawDistanceScale:1]]
[2020.02.29-22.03.46:541][  0]LogConfig: Setting CVar [[r.CapsuleShadows:1]]
[2020.02.29-22.03.46:541][  0]LogConfig: Applying CVar settings from Section [PostProcessQuality@3] File [F:/GitHub/FantasyLevelSDDemo/Saved/Config/Windows/Scalability.ini]
[2020.02.29-22.03.46:541][  0]LogConfig: Setting CVar [[r.MotionBlurQuality:4]]
[2020.02.29-22.03.46:541][  0]LogConfig: Setting CVar [[r.AmbientOcclusionMipLevelFactor:0.4]]
[2020.02.29-22.03.46:541][  0]LogConfig: Setting CVar [[r.AmbientOcclusionMaxQuality:100]]
[2020.02.29-22.03.46:541][  0]LogConfig: Setting CVar [[r.AmbientOcclusionLevels:-1]]
[2020.02.29-22.03.46:541][  0]LogConfig: Setting CVar [[r.AmbientOcclusionRadiusScale:1.0]]
[2020.02.29-22.03.46:541][  0]LogConfig: Setting CVar [[r.DepthOfFieldQuality:2]]
[2020.02.29-22.03.46:541][  0]LogConfig: Setting CVar [[r.RenderTargetPoolMin:400]]
[2020.02.29-22.03.46:541][  0]LogConfig: Setting CVar [[r.LensFlareQuality:2]]
[2020.02.29-22.03.46:541][  0]LogConfig: Setting CVar [[r.SceneColorFringeQuality:1]]
[2020.02.29-22.03.46:541][  0]LogConfig: Setting CVar [[r.EyeAdaptationQuality:2]]
[2020.02.29-22.03.46:541][  0]LogConfig: Setting CVar [[r.BloomQuality:5]]
[2020.02.29-22.03.46:541][  0]LogConfig: Setting CVar [[r.FastBlurThreshold:100]]
[2020.02.29-22.03.46:541][  0]LogConfig: Setting CVar [[r.Upscale.Quality:3]]
[2020.02.29-22.03.46:541][  0]LogConfig: Setting CVar [[r.Tonemapper.GrainQuantization:1]]
[2020.02.29-22.03.46:541][  0]LogConfig: Setting CVar [[r.LightShaftQuality:1]]
[2020.02.29-22.03.46:541][  0]LogConfig: Setting CVar [[r.Filter.SizeScale:1]]
[2020.02.29-22.03.46:541][  0]LogConfig: Setting CVar [[r.Tonemapper.Quality:5]]
[2020.02.29-22.03.46:541][  0]LogConfig: Setting CVar [[r.DOF.Gather.AccumulatorQuality:1        ; higher gathering accumulator quality]]
[2020.02.29-22.03.46:541][  0]LogConfig: Setting CVar [[r.DOF.Gather.PostfilterMethod:1          ; Median3x3 postfilering method]]
[2020.02.29-22.03.46:541][  0]LogConfig: Setting CVar [[r.DOF.Gather.EnableBokehSettings:0       ; no bokeh simulation when gathering]]
[2020.02.29-22.03.46:541][  0]LogConfig: Setting CVar [[r.DOF.Gather.RingCount:4                 ; medium number of samples when gathering]]
[2020.02.29-22.03.46:541][  0]LogConfig: Setting CVar [[r.DOF.Scatter.ForegroundCompositing:1    ; additive foreground scattering]]
[2020.02.29-22.03.46:541][  0]LogConfig: Setting CVar [[r.DOF.Scatter.BackgroundCompositing:2    ; additive background scattering]]
[2020.02.29-22.03.46:541][  0]LogConfig: Setting CVar [[r.DOF.Scatter.EnableBokehSettings:1      ; bokeh simulation when scattering]]
[2020.02.29-22.03.46:541][  0]LogConfig: Setting CVar [[r.DOF.Scatter.MaxSpriteRatio:0.1         ; only a maximum of 10% of scattered bokeh]]
[2020.02.29-22.03.46:541][  0]LogConfig: Setting CVar [[r.DOF.Recombine.Quality:1                ; cheap slight out of focus]]
[2020.02.29-22.03.46:541][  0]LogConfig: Setting CVar [[r.DOF.Recombine.EnableBokehSettings:0    ; no bokeh simulation on slight out of focus]]
[2020.02.29-22.03.46:541][  0]LogConfig: Setting CVar [[r.DOF.TemporalAAQuality:1                ; more stable temporal accumulation]]
[2020.02.29-22.03.46:541][  0]LogConfig: Setting CVar [[r.DOF.Kernel.MaxForegroundRadius:0.025]]
[2020.02.29-22.03.46:541][  0]LogConfig: Setting CVar [[r.DOF.Kernel.MaxBackgroundRadius:0.025]]
[2020.02.29-22.03.46:541][  0]LogConfig: Applying CVar settings from Section [TextureQuality@3] File [F:/GitHub/FantasyLevelSDDemo/Saved/Config/Windows/Scalability.ini]
[2020.02.29-22.03.46:541][  0]LogConfig: Setting CVar [[r.Streaming.MipBias:0]]
[2020.02.29-22.03.46:541][  0]LogConfig: Setting CVar [[r.Streaming.AmortizeCPUToGPUCopy:0]]
[2020.02.29-22.03.46:541][  0]LogConfig: Setting CVar [[r.Streaming.MaxNumTexturesToStreamPerFrame:0]]
[2020.02.29-22.03.46:541][  0]LogConfig: Setting CVar [[r.Streaming.Boost:1]]
[2020.02.29-22.03.46:541][  0]LogConfig: Setting CVar [[r.MaxAnisotropy:8]]
[2020.02.29-22.03.46:541][  0]LogConfig: Setting CVar [[r.Streaming.LimitPoolSizeToVRAM:0]]
[2020.02.29-22.03.46:541][  0]LogConfig: Setting CVar [[r.Streaming.PoolSize:1000]]
[2020.02.29-22.03.46:541][  0]LogConfig: Setting CVar [[r.Streaming.MaxEffectiveScreenSize:0]]
[2020.02.29-22.03.46:541][  0]LogConfig: Applying CVar settings from Section [EffectsQuality@3] File [F:/GitHub/FantasyLevelSDDemo/Saved/Config/Windows/Scalability.ini]
[2020.02.29-22.03.46:541][  0]LogConfig: Setting CVar [[r.TranslucencyLightingVolumeDim:64]]
[2020.02.29-22.03.46:541][  0]LogConfig: Setting CVar [[r.RefractionQuality:2]]
[2020.02.29-22.03.46:541][  0]LogConfig: Setting CVar [[r.SSR.Quality:3]]
[2020.02.29-22.03.46:541][  0]LogConfig: Setting CVar [[r.SceneColorFormat:4]]
[2020.02.29-22.03.46:541][  0]LogConfig: Setting CVar [[r.DetailMode:2]]
[2020.02.29-22.03.46:541][  0]LogConfig: Setting CVar [[r.TranslucencyVolumeBlur:1]]
[2020.02.29-22.03.46:541][  0]LogConfig: Setting CVar [[r.MaterialQualityLevel:1 ; High quality]]
[2020.02.29-22.03.46:543][  0]LogConfig: Setting CVar [[r.SSS.Scale:1]]
[2020.02.29-22.03.46:543][  0]LogConfig: Setting CVar [[r.SSS.SampleSet:2]]
[2020.02.29-22.03.46:543][  0]LogConfig: Setting CVar [[r.SSS.Quality:1]]
[2020.02.29-22.03.46:543][  0]LogConfig: Setting CVar [[r.SSS.HalfRes:1]]
[2020.02.29-22.03.46:543][  0]LogConfig: Setting CVar [[r.EmitterSpawnRateScale:1.0]]
[2020.02.29-22.03.46:543][  0]LogConfig: Setting CVar [[r.ParticleLightQuality:2]]
[2020.02.29-22.03.46:543][  0]LogConfig: Applying CVar settings from Section [FoliageQuality@3] File [F:/GitHub/FantasyLevelSDDemo/Saved/Config/Windows/Scalability.ini]
[2020.02.29-22.03.46:543][  0]LogConfig: Setting CVar [[foliage.DensityScale:1.0]]
[2020.02.29-22.03.46:543][  0]LogConfig: Setting CVar [[grass.DensityScale:1.0]]
[2020.02.29-22.03.46:544][  0]LogInit: Selected Device Profile: [Windows]
[2020.02.29-22.03.46:544][  0]LogInit: Applying CVar settings loaded from the selected device profile: [Windows]
[2020.02.29-22.03.46:563][  0]LogHAL: Display: Platform has ~ 12 GB [12777775104 / 17179869184 / 12], which maps to Larger [LargestMinGB=32, LargerMinGB=12, DefaultMinGB=8, SmallerMinGB=6, SmallestMinGB=0)
[2020.02.29-22.03.46:563][  0]LogInit: Going up to parent DeviceProfile []
[2020.02.29-22.03.46:563][  0]LogConfig: Applying CVar settings from Section [ViewDistanceQuality@1] File [F:/GitHub/FantasyLevelSDDemo/Saved/Config/Windows/Scalability.ini]
[2020.02.29-22.03.46:563][  0]LogConfig: Setting CVar [[r.SkeletalMeshLODBias:1]]
[2020.02.29-22.03.46:563][  0]LogConfig: Setting CVar [[r.ViewDistanceScale:0.6]]
[2020.02.29-22.03.46:563][  0]LogConfig: Applying CVar settings from Section [AntiAliasingQuality@1] File [F:/GitHub/FantasyLevelSDDemo/Saved/Config/Windows/Scalability.ini]
[2020.02.29-22.03.46:563][  0]LogConfig: Setting CVar [[r.PostProcessAAQuality:2]]
[2020.02.29-22.03.46:563][  0]LogConfig: Applying CVar settings from Section [ShadowQuality@1] File [F:/GitHub/FantasyLevelSDDemo/Saved/Config/Windows/Scalability.ini]
[2020.02.29-22.03.46:563][  0]LogConfig: Setting CVar [[r.LightFunctionQuality:1]]
[2020.02.29-22.03.46:564][  0]LogConfig: Setting CVar [[r.ShadowQuality:3]]
[2020.02.29-22.03.46:564][  0]LogConfig: Setting CVar [[r.Shadow.CSM.MaxCascades:1]]
[2020.02.29-22.03.46:564][  0]LogConfig: Setting CVar [[r.Shadow.MaxResolution:1024]]
[2020.02.29-22.03.46:564][  0]LogConfig: Setting CVar [[r.Shadow.MaxCSMResolution:1024]]
[2020.02.29-22.03.46:564][  0]LogConfig: Setting CVar [[r.Shadow.RadiusThreshold:0.05]]
[2020.02.29-22.03.46:564][  0]LogConfig: Setting CVar [[r.Shadow.DistanceScale:0.7]]
[2020.02.29-22.03.46:564][  0]LogConfig: Setting CVar [[r.Shadow.CSM.TransitionScale:0.25]]
[2020.02.29-22.03.46:564][  0]LogConfig: Setting CVar [[r.Shadow.PreShadowResolutionFactor:0.5]]
[2020.02.29-22.03.46:564][  0]LogConfig: Setting CVar [[r.DistanceFieldShadowing:0]]
[2020.02.29-22.03.46:564][  0]LogConfig: Setting CVar [[r.DistanceFieldAO:0]]
[2020.02.29-22.03.46:564][  0]LogConfig: Setting CVar [[r.VolumetricFog:0]]
[2020.02.29-22.03.46:564][  0]LogConfig: Setting CVar [[r.LightMaxDrawDistanceScale:.5]]
[2020.02.29-22.03.46:564][  0]LogConfig: Setting CVar [[r.CapsuleShadows:1]]
[2020.02.29-22.03.46:564][  0]LogConfig: Applying CVar settings from Section [PostProcessQuality@1] File [F:/GitHub/FantasyLevelSDDemo/Saved/Config/Windows/Scalability.ini]
[2020.02.29-22.03.46:564][  0]LogConfig: Setting CVar [[r.MotionBlurQuality:3]]
[2020.02.29-22.03.46:564][  0]LogConfig: Setting CVar [[r.AmbientOcclusionMipLevelFactor:1.0]]
[2020.02.29-22.03.46:564][  0]LogConfig: Setting CVar [[r.AmbientOcclusionMaxQuality:60]]
[2020.02.29-22.03.46:564][  0]LogConfig: Setting CVar [[r.AmbientOcclusionLevels:-1]]
[2020.02.29-22.03.46:564][  0]LogConfig: Setting CVar [[r.AmbientOcclusionRadiusScale:1.5]]
[2020.02.29-22.03.46:564][  0]LogConfig: Setting CVar [[r.DepthOfFieldQuality:1]]
[2020.02.29-22.03.46:564][  0]LogConfig: Setting CVar [[r.RenderTargetPoolMin:350]]
[2020.02.29-22.03.46:564][  0]LogConfig: Setting CVar [[r.LensFlareQuality:0]]
[2020.02.29-22.03.46:564][  0]LogConfig: Setting CVar [[r.SceneColorFringeQuality:0]]
[2020.02.29-22.03.46:564][  0]LogConfig: Setting CVar [[r.EyeAdaptationQuality:0]]
[2020.02.29-22.03.46:564][  0]LogConfig: Setting CVar [[r.BloomQuality:4]]
[2020.02.29-22.03.46:564][  0]LogConfig: Setting CVar [[r.FastBlurThreshold:2]]
[2020.02.29-22.03.46:564][  0]LogConfig: Setting CVar [[r.Upscale.Quality:2]]
[2020.02.29-22.03.46:564][  0]LogConfig: Setting CVar [[r.Tonemapper.GrainQuantization:0]]
[2020.02.29-22.03.46:564][  0]LogConfig: Setting CVar [[r.LightShaftQuality:0]]
[2020.02.29-22.03.46:564][  0]LogConfig: Setting CVar [[r.Filter.SizeScale:0.7]]
[2020.02.29-22.03.46:564][  0]LogConfig: Setting CVar [[r.Tonemapper.Quality:2]]
[2020.02.29-22.03.46:564][  0]LogConfig: Setting CVar [[r.DOF.Gather.AccumulatorQuality:0        ; lower gathering accumulator quality]]
[2020.02.29-22.03.46:564][  0]LogConfig: Setting CVar [[r.DOF.Gather.PostfilterMethod:2          ; Max3x3 postfilering method]]
[2020.02.29-22.03.46:564][  0]LogConfig: Setting CVar [[r.DOF.Gather.EnableBokehSettings:0       ; no bokeh simulation when gathering]]
[2020.02.29-22.03.46:564][  0]LogConfig: Setting CVar [[r.DOF.Gather.RingCount:3                 ; low number of samples when gathering]]
[2020.02.29-22.03.46:564][  0]LogConfig: Setting CVar [[r.DOF.Scatter.ForegroundCompositing:0    ; no foreground scattering]]
[2020.02.29-22.03.46:564][  0]LogConfig: Setting CVar [[r.DOF.Scatter.BackgroundCompositing:0    ; no foreground scattering]]
[2020.02.29-22.03.46:564][  0]LogConfig: Setting CVar [[r.DOF.Recombine.Quality:0                ; no slight out of focus]]
[2020.02.29-22.03.46:564][  0]LogConfig: Setting CVar [[r.DOF.TemporalAAQuality:0                ; faster temporal accumulation]]
[2020.02.29-22.03.46:564][  0]LogConfig: Setting CVar [[r.DOF.Kernel.MaxForegroundRadius:0.006   ; required because low gathering and no scattering and not looking great at 1080p]]
[2020.02.29-22.03.46:564][  0]LogConfig: Setting CVar [[r.DOF.Kernel.MaxBackgroundRadius:0.006   ; required because low gathering and no scattering and not looking great at 1080p]]
[2020.02.29-22.03.46:564][  0]LogConfig: Applying CVar settings from Section [TextureQuality@1] File [F:/GitHub/FantasyLevelSDDemo/Saved/Config/Windows/Scalability.ini]
[2020.02.29-22.03.46:564][  0]LogConfig: Setting CVar [[r.Streaming.MipBias:1]]
[2020.02.29-22.03.46:564][  0]LogConfig: Setting CVar [[r.Streaming.AmortizeCPUToGPUCopy:0]]
[2020.02.29-22.03.46:564][  0]LogConfig: Setting CVar [[r.Streaming.MaxNumTexturesToStreamPerFrame:0]]
[2020.02.29-22.03.46:564][  0]LogConfig: Setting CVar [[r.Streaming.Boost:1]]
[2020.02.29-22.03.46:564][  0]LogConfig: Setting CVar [[r.MaxAnisotropy:2]]
[2020.02.29-22.03.46:564][  0]LogConfig: Setting CVar [[r.Streaming.LimitPoolSizeToVRAM:1]]
[2020.02.29-22.03.46:564][  0]LogConfig: Setting CVar [[r.Streaming.PoolSize:600]]
[2020.02.29-22.03.46:564][  0]LogConfig: Setting CVar [[r.Streaming.MaxEffectiveScreenSize:0]]
[2020.02.29-22.03.46:564][  0]LogConfig: Applying CVar settings from Section [EffectsQuality@1] File [F:/GitHub/FantasyLevelSDDemo/Saved/Config/Windows/Scalability.ini]
[2020.02.29-22.03.46:564][  0]LogConfig: Setting CVar [[r.TranslucencyLightingVolumeDim:32]]
[2020.02.29-22.03.46:564][  0]LogConfig: Setting CVar [[r.RefractionQuality:0]]
[2020.02.29-22.03.46:564][  0]LogConfig: Setting CVar [[r.SSR.Quality:0]]
[2020.02.29-22.03.46:564][  0]LogConfig: Setting CVar [[r.SceneColorFormat:3]]
[2020.02.29-22.03.46:564][  0]LogConfig: Setting CVar [[r.DetailMode:1]]
[2020.02.29-22.03.46:564][  0]LogConfig: Setting CVar [[r.TranslucencyVolumeBlur:0]]
[2020.02.29-22.03.46:564][  0]LogConfig: Setting CVar [[r.MaterialQualityLevel:2 ; Medium quality]]
[2020.02.29-22.03.46:564][  0]LogConfig: Setting CVar [[r.SSS.Scale:0.75]]
[2020.02.29-22.03.46:564][  0]LogConfig: Setting CVar [[r.SSS.SampleSet:0]]
[2020.02.29-22.03.46:564][  0]LogConfig: Setting CVar [[r.SSS.Quality:0]]
[2020.02.29-22.03.46:564][  0]LogConfig: Setting CVar [[r.SSS.HalfRes:1]]
[2020.02.29-22.03.46:564][  0]LogConfig: Setting CVar [[r.EmitterSpawnRateScale:0.25]]
[2020.02.29-22.03.46:564][  0]LogConfig: Setting CVar [[r.ParticleLightQuality:0]]
[2020.02.29-22.03.46:564][  0]LogConfig: Applying CVar settings from Section [FoliageQuality@1] File [F:/GitHub/FantasyLevelSDDemo/Saved/Config/Windows/Scalability.ini]
[2020.02.29-22.03.46:564][  0]LogConfig: Setting CVar [[foliage.DensityScale:0.4]]
[2020.02.29-22.03.46:564][  0]LogConfig: Setting CVar [[grass.DensityScale:0.4]]
[2020.02.29-22.03.46:564][  0]LogConfig: Applying CVar settings from Section [Startup] File [../../../Engine/Config/ConsoleVariables.ini]
[2020.02.29-22.03.46:576][  0]LogConfig: Setting CVar [[net.UseAdaptiveNetUpdateFrequency:0]]
[2020.02.29-22.03.46:576][  0]LogConfig: Setting CVar [[p.chaos.AllowCreatePhysxBodies:1]]
[2020.02.29-22.03.46:576][  0]LogConfig: Applying CVar settings from Section [ConsoleVariables] File [F:/GitHub/FantasyLevelSDDemo/Saved/Config/Windows/Engine.ini]
[2020.02.29-22.03.46:582][  0]LogInit: Computer: DESKTOP-7LIJH27
[2020.02.29-22.03.46:582][  0]LogInit: User: clark
[2020.02.29-22.03.46:582][  0]LogInit: CPU Page size=4096, Cores=4
[2020.02.29-22.03.46:582][  0]LogInit: High frequency timer resolution =10.000000 MHz
[2020.02.29-22.03.46:582][  0]LogMemory: Memory total: Physical=11.9GB (12GB approx)
[2020.02.29-22.03.46:582][  0]LogMemory: Platform Memory Stats for Windows
[2020.02.29-22.03.46:582][  0]LogMemory: Process Physical Memory: 100.86 MB used, 100.86 MB peak
[2020.02.29-22.03.46:582][  0]LogMemory: Process Virtual Memory: 100.95 MB used, 100.95 MB peak
[2020.02.29-22.03.46:582][  0]LogMemory: Physical Memory: 4777.66 MB used,  7408.18 MB free, 12185.84 MB total
[2020.02.29-22.03.46:582][  0]LogMemory: Virtual Memory: 4673.24 MB used,  134213056.00 MB free, 134217728.00 MB total
[2020.02.29-22.03.46:638][  0]LogWindows: WindowsPlatformFeatures enabled
[2020.02.29-22.03.48:877][  0]LogInit: Using OS detected language (en-US).
[2020.02.29-22.03.48:877][  0]LogInit: Using OS detected locale (en-US).
[2020.02.29-22.03.48:880][  0]LogTextLocalizationManager: No specific localization for 'en-US' exists, so the 'en' localization will be used.
[2020.02.29-22.03.49:336][  0]LogInit: Setting process to per monitor DPI aware
[2020.02.29-22.03.49:466][  0]LogSlate: New Slate User Created.  User Index 0, Is Virtual User: 0
[2020.02.29-22.03.49:466][  0]LogSlate: Slate User Registered.  User Index 0, Is Virtual User: 0
[2020.02.29-22.03.54:311][  0]LogHMD: Failed to initialize OpenVR with code 110
[2020.02.29-22.03.54:311][  0]LogD3D11RHI: D3D11 adapters:
[2020.02.29-22.03.54:967][  0]LogD3D11RHI:    0. 'Intel(R) UHD Graphics 620' (Feature Level 11_0)
[2020.02.29-22.03.54:967][  0]LogD3D11RHI:       128/0/6092 MB DedicatedVideo/DedicatedSystem/SharedSystem, Outputs:1, VendorId:0x8086
[2020.02.29-22.03.54:970][  0]LogD3D11RHI:    1. 'Microsoft Basic Render Driver' (Feature Level 11_0)
[2020.02.29-22.03.54:970][  0]LogD3D11RHI:       0/0/6092 MB DedicatedVideo/DedicatedSystem/SharedSystem, Outputs:0, VendorId:0x1414
[2020.02.29-22.03.54:970][  0]LogD3D11RHI: Chosen D3D11 Adapter: 0
[2020.02.29-22.03.54:987][  0]LogD3D11RHI: Creating new Direct3DDevice
[2020.02.29-22.03.54:987][  0]LogD3D11RHI:     GPU DeviceId: 0x5917 (for the marketing name, search the web for "GPU Device Id")
[2020.02.29-22.03.54:987][  0]LogWindows: EnumDisplayDevices:
[2020.02.29-22.03.54:987][  0]LogWindows:    0. 'Intel(R) UHD Graphics 620' (P:1 D:1)
[2020.02.29-22.03.54:988][  0]LogWindows:    1. 'Intel(R) UHD Graphics 620' (P:0 D:0)
[2020.02.29-22.03.54:989][  0]LogWindows:    2. 'Intel(R) UHD Graphics 620' (P:0 D:0)
[2020.02.29-22.03.54:989][  0]LogWindows: DebugString: FoundDriverCount:3 
[2020.02.29-22.03.54:989][  0]LogD3D11RHI:     Adapter Name: Intel(R) UHD Graphics 620
[2020.02.29-22.03.54:989][  0]LogD3D11RHI:   Driver Version: 26.20.100.6859 (internal:26.20.100.6859, unified:26.20.100.6859)
[2020.02.29-22.03.54:989][  0]LogD3D11RHI:      Driver Date: 4-30-2019
[2020.02.29-22.03.54:989][  0]LogRHI: Texture pool is 1523 MB (70% of 2176 MB)
[2020.02.29-22.03.57:087][  0]LogD3D11RHI: [IntelMetricsDiscovery] Started
[2020.02.29-22.03.57:090][  0]LogD3D11RHI: Async texture creation enabled
[2020.02.29-22.03.57:121][  0]LogD3D11RHI: GPU Timing Frequency: 12.000048 (Debug: 2 0)
[2020.02.29-22.03.58:784][  0]LogTemp: Display: Module 'AllDesktopTargetPlatform' loaded TargetPlatform 'AllDesktop'
[2020.02.29-22.03.58:889][  0]LogTemp: Display: Module 'MacClientTargetPlatform' loaded TargetPlatform 'MacClient'
[2020.02.29-22.03.58:938][  0]LogTemp: Display: Module 'MacNoEditorTargetPlatform' loaded TargetPlatform 'MacNoEditor'
[2020.02.29-22.03.59:116][  0]LogTemp: Display: Module 'MacServerTargetPlatform' loaded TargetPlatform 'MacServer'
[2020.02.29-22.03.59:437][  0]LogTemp: Display: Module 'MacTargetPlatform' loaded TargetPlatform 'Mac'
[2020.02.29-22.03.59:544][  0]LogTemp: Display: Module 'WindowsClientTargetPlatform' loaded TargetPlatform 'WindowsClient'
[2020.02.29-22.03.59:593][  0]LogTemp: Display: Module 'WindowsNoEditorTargetPlatform' loaded TargetPlatform 'WindowsNoEditor'
[2020.02.29-22.03.59:627][  0]LogTemp: Display: Module 'WindowsServerTargetPlatform' loaded TargetPlatform 'WindowsServer'
[2020.02.29-22.03.59:705][  0]LogTemp: Display: Module 'WindowsTargetPlatform' loaded TargetPlatform 'Windows'
[2020.02.29-22.03.59:816][  0]LogTemp: Display: Module 'AndroidTargetPlatform' loaded TargetPlatform 'Android'
[2020.02.29-22.03.59:816][  0]LogTemp: Display: Module 'AndroidTargetPlatform' loaded TargetPlatform 'Android_ASTC'
[2020.02.29-22.03.59:817][  0]LogTemp: Display: Module 'AndroidTargetPlatform' loaded TargetPlatform 'Android_ATC'
[2020.02.29-22.03.59:817][  0]LogTemp: Display: Module 'AndroidTargetPlatform' loaded TargetPlatform 'Android_DXT'
[2020.02.29-22.03.59:817][  0]LogTemp: Display: Module 'AndroidTargetPlatform' loaded TargetPlatform 'Android_ETC1'
[2020.02.29-22.03.59:817][  0]LogTemp: Display: Module 'AndroidTargetPlatform' loaded TargetPlatform 'Android_ETC1a'
[2020.02.29-22.03.59:817][  0]LogTemp: Display: Module 'AndroidTargetPlatform' loaded TargetPlatform 'Android_ETC2'
[2020.02.29-22.03.59:817][  0]LogTemp: Display: Module 'AndroidTargetPlatform' loaded TargetPlatform 'Android_PVRTC'
[2020.02.29-22.03.59:817][  0]LogTemp: Display: Module 'AndroidTargetPlatform' loaded TargetPlatform 'AndroidClient'
[2020.02.29-22.03.59:817][  0]LogTemp: Display: Module 'AndroidTargetPlatform' loaded TargetPlatform 'Android_ASTCClient'
[2020.02.29-22.03.59:817][  0]LogTemp: Display: Module 'AndroidTargetPlatform' loaded TargetPlatform 'Android_ATCClient'
[2020.02.29-22.03.59:817][  0]LogTemp: Display: Module 'AndroidTargetPlatform' loaded TargetPlatform 'Android_DXTClient'
[2020.02.29-22.03.59:817][  0]LogTemp: Display: Module 'AndroidTargetPlatform' loaded TargetPlatform 'Android_ETC1Client'
[2020.02.29-22.03.59:817][  0]LogTemp: Display: Module 'AndroidTargetPlatform' loaded TargetPlatform 'Android_ETC1aClient'
[2020.02.29-22.03.59:817][  0]LogTemp: Display: Module 'AndroidTargetPlatform' loaded TargetPlatform 'Android_ETC2Client'
[2020.02.29-22.03.59:817][  0]LogTemp: Display: Module 'AndroidTargetPlatform' loaded TargetPlatform 'Android_PVRTCClient'
[2020.02.29-22.03.59:817][  0]LogTemp: Display: Module 'AndroidTargetPlatform' loaded TargetPlatform 'Android_Multi'
[2020.02.29-22.03.59:817][  0]LogTemp: Display: Module 'AndroidTargetPlatform' loaded TargetPlatform 'Android_MultiClient'
[2020.02.29-22.03.59:841][  0]LogTemp: Display: Module 'HTML5TargetPlatform' loaded TargetPlatform 'HTML5'
[2020.02.29-22.04.00:074][  0]LogTemp: Display: Module 'IOSTargetPlatform' loaded TargetPlatform 'IOSClient'
[2020.02.29-22.04.00:074][  0]LogTemp: Display: Module 'IOSTargetPlatform' loaded TargetPlatform 'IOS'
[2020.02.29-22.04.00:120][  0]LogTemp: Display: Module 'TVOSTargetPlatform' loaded TargetPlatform 'TVOSClient'
[2020.02.29-22.04.00:120][  0]LogTemp: Display: Module 'TVOSTargetPlatform' loaded TargetPlatform 'TVOS'
[2020.02.29-22.04.00:217][  0]LogTemp: Display: Module 'LinuxClientTargetPlatform' loaded TargetPlatform 'LinuxClient'
[2020.02.29-22.04.00:264][  0]LogTemp: Display: Module 'LinuxNoEditorTargetPlatform' loaded TargetPlatform 'LinuxNoEditor'
[2020.02.29-22.04.00:308][  0]LogTemp: Display: Module 'LinuxServerTargetPlatform' loaded TargetPlatform 'LinuxServer'
[2020.02.29-22.04.00:356][  0]LogTemp: Display: Module 'LinuxTargetPlatform' loaded TargetPlatform 'Linux'
[2020.02.29-22.04.00:404][  0]LogTemp: Display: Module 'LuminTargetPlatform' loaded TargetPlatform 'Lumin'
[2020.02.29-22.04.00:405][  0]LogTemp: Display: Module 'LuminTargetPlatform' loaded TargetPlatform 'LuminClient'
[2020.02.29-22.04.00:405][  0]LogTargetPlatformManager: Display: Building Assets For Windows
[2020.02.29-22.04.00:519][  0]LogAudioDebug: Display: Lib vorbis DLL was dynamically loaded.
[2020.02.29-22.04.01:697][  0]LogShaderCompilers: Guid format shader working directory is 3 characters bigger than the processId version (../../../../../../GitHub/FantasyLevelSDDemo/Intermediate/Shaders/WorkingDirectory/4640/).
[2020.02.29-22.04.01:697][  0]LogShaderCompilers: Cleaned the shader compiler working directory 'C:/Users/clark/AppData/Local/Temp/UnrealShaderWorkingDir/2F6E0B6242197295A1CD58B5041BCB50/'.
[2020.02.29-22.04.01:700][  0]LogXGEController: Cleaning working directory: C:/Users/clark/AppData/Local/Temp/UnrealXGEWorkingDir/
[2020.02.29-22.04.01:700][  0]LogXGEController: Cannot use XGE Controller as Incredibuild is not installed on this machine.
[2020.02.29-22.04.01:700][  0]LogShaderCompilers: Cannot use XGE Shader Compiler as Incredibuild is not installed on this machine.
[2020.02.29-22.04.01:700][  0]LogShaderCompilers: Display: Using Local Shader Compiler.
[2020.02.29-22.04.07:573][  0]LogDerivedDataCache: Display: Max Cache Size: 512 MB
[2020.02.29-22.04.08:701][  0]LogDerivedDataCache: Loaded boot cache 1.11s 73MB C:/Users/clark/AppData/Local/UnrealEngine/4.23/DerivedDataCache/Boot.ddc.
[2020.02.29-22.04.08:701][  0]LogDerivedDataCache: Display: Loaded Boot cache: C:/Users/clark/AppData/Local/UnrealEngine/4.23/DerivedDataCache/Boot.ddc
[2020.02.29-22.04.08:702][  0]LogDerivedDataCache: FDerivedDataBackendGraph:  Pak pak cache file ../../../../../../GitHub/FantasyLevelSDDemo/DerivedDataCache/DDC.ddp not found, will not use a pak cache.
[2020.02.29-22.04.08:702][  0]LogDerivedDataCache: Unable to find inner node Pak for hierarchical cache Hierarchy.
[2020.02.29-22.04.08:702][  0]LogDerivedDataCache: FDerivedDataBackendGraph:  CompressedPak pak cache file ../../../../../../GitHub/FantasyLevelSDDemo/DerivedDataCache/Compressed.ddp not found, will not use a pak cache.
[2020.02.29-22.04.08:702][  0]LogDerivedDataCache: Unable to find inner node CompressedPak for hierarchical cache Hierarchy.
[2020.02.29-22.04.08:830][  0]LogDerivedDataCache: Display: Pak cache opened for reading ../../../Engine/DerivedDataCache/Compressed.ddp.
[2020.02.29-22.04.08:830][  0]LogDerivedDataCache: FDerivedDataBackendGraph:  EnterprisePak pak cache file ../../../Enterprise/DerivedDataCache/Compressed.ddp not found, will not use a pak cache.
[2020.02.29-22.04.08:830][  0]LogDerivedDataCache: Unable to find inner node EnterprisePak for hierarchical cache Hierarchy.
[2020.02.29-22.04.08:832][  0]LogDerivedDataCache: Using Local data cache path C:/Users/clark/AppData/Local/UnrealEngine/Common/DerivedDataCache: Writable
[2020.02.29-22.04.08:833][  0]LogDerivedDataCache: Shared data cache path not found in *engine.ini, will not use an Shared cache.
[2020.02.29-22.04.08:833][  0]LogDerivedDataCache: Unable to find inner node Shared for hierarchical cache Hierarchy.
[2020.02.29-22.04.08:885][  0]LogMaterial: Verifying Global Shaders for PCD3D_SM5
[2020.02.29-22.04.08:892][  0]LogSlate: Using FreeType 2.6.0
[2020.02.29-22.04.08:923][  0]LogSlate: SlateFontServices - WITH_FREETYPE: 1, WITH_HARFBUZZ: 1
[2020.02.29-22.04.09:459][  0]LogAssetRegistry: FAssetRegistry took 0.0058 seconds to start up
[2020.02.29-22.04.10:140][  0]LogInit: Selected Device Profile: [Windows]
[2020.02.29-22.04.11:744][  0]LogMeshReduction: Using QuadricMeshReduction for automatic static mesh reduction
[2020.02.29-22.04.11:744][  0]LogMeshReduction: Using SimplygonMeshReduction for automatic skeletal mesh reduction
[2020.02.29-22.04.11:744][  0]LogMeshReduction: Using ProxyLODMeshReduction for automatic mesh merging
[2020.02.29-22.04.11:744][  0]LogMeshReduction: No distributed automatic mesh merging module available
[2020.02.29-22.04.11:745][  0]LogMeshMerging: No distributed automatic mesh merging module available
[2020.02.29-22.04.11:832][  0]LogNetVersion: FantasyVillageSDDemo 1.0.0, NetCL: 8386587, EngineNetVer: 11, GameNetVer: 0 (Checksum: 1672054973)
[2020.02.29-22.04.15:203][  0]LogPackageLocalizationCache: Processed 12 localized package path(s) for 1 prioritized culture(s) in 0.078232 seconds
[2020.02.29-22.04.15:219][  0]LogUObjectArray: 43444 objects as part of root set at end of initial load.
[2020.02.29-22.04.15:219][  0]LogUObjectAllocator: 7548648 out of 0 bytes used by permanent object pool.
[2020.02.29-22.04.15:219][  0]LogUObjectArray: CloseDisregardForGC: 0/0 objects in disregard for GC pool
[2020.02.29-22.04.25:068][  0]LogTcpMessaging: Initializing TcpMessaging bridge
[2020.02.29-22.04.25:101][  0]LogUdpMessaging: Initializing bridge on interface 0.0.0.0:0 to multicast group 230.0.0.1:6666.
[2020.02.29-22.04.26:210][  0]SourceControl: Source control is disabled
[2020.02.29-22.04.26:211][  0]SourceControl: Source control is disabled
[2020.02.29-22.04.26:268][  0]SourceControl: Source control is disabled
[2020.02.29-22.04.26:310][  0]SourceControl: Source control is disabled
[2020.02.29-22.04.29:070][  0]LogAndroidPermission: UAndroidPermissionCallbackProxy::GetInstance
[2020.02.29-22.04.30:176][  0]LogOcInput: OculusInput pre-init called
[2020.02.29-22.04.30:391][  0]LogWindows: Failed to load 'OVRPlugin.dll' (GetLastError=126)
[2020.02.29-22.04.30:391][  0]LogWindows: File 'OVRPlugin.dll' does not exist
[2020.02.29-22.04.30:785][  0]LogEngine: Initializing Engine...
[2020.02.29-22.04.30:788][  0]LogHMD: Failed to initialize OpenVR with code 110
[2020.02.29-22.04.30:792][  0]LogStats: UGameplayTagsManager::InitializeManager -  0.001 s
[2020.02.29-22.04.31:976][  0]LogInit: Initializing FReadOnlyCVARCache
[2020.02.29-22.04.32:060][  0]LogAIModule: Creating AISystem for world Untitled
[2020.02.29-22.04.32:149][  0]LogInit: XAudio2 using 'Speakers / Headphones (Realtek Audio)' : 2 channels at 48 kHz using 32 bits per sample (channel mask 0x3)
[2020.02.29-22.04.34:001][  0]LogInit: FAudioDevice initialized.
[2020.02.29-22.04.34:002][  0]LogNetVersion: Set ProjectVersion to 1.0.0.0. Version Checksum will be recalculated on next use.
[2020.02.29-22.04.34:259][  0]LogDerivedDataCache: Saved boot cache 0.26s 73MB C:/Users/clark/AppData/Local/UnrealEngine/4.23/DerivedDataCache/Boot.ddc.
[2020.02.29-22.04.34:263][  0]LogInit: Texture streaming: Enabled
[2020.02.29-22.04.34:417][  0]LogEngineSessionManager: EngineSessionManager initialized
[2020.02.29-22.04.34:417][  0]LogEngineSessionManager: EngineSessionManager sent abnormal shutdown report. Type=Debugger, SessionId={35AEE664-4CF2-CC1D-B843-F38571965068}
[2020.02.29-22.04.34:417][  0]LogEditorSessionSummary: Verbose: Initializing EditorSessionSummaryWriter for editor session tracking
[2020.02.29-22.04.34:435][  0]LogEditorSessionSummary: EditorSessionSummaryWriter initialized
[2020.02.29-22.04.34:828][  0]LogInit: Transaction tracking system initialized
[2020.02.29-22.04.35:105][  0]BlueprintLog: New page: Editor Load
[2020.02.29-22.04.36:008][  0]LocalizationService: Localization service is disabled
[2020.02.29-22.04.38:009][  0]LogFileCache: Scanning file cache for directory 'F:/GitHub/FantasyLevelSDDemo/Content/' took 0.01s
[2020.02.29-22.04.38:009][  0]LogCook: Display: Max memory allowance for cook 16384mb min free memory 0mb
[2020.02.29-22.04.38:010][  0]LogCook: Display: Mobile HDR setting 1
[2020.02.29-22.04.41:175][  0]SourceControl: Source control is disabled
[2020.02.29-22.04.41:177][  0]Cmd: MAP LOAD FILE="../../../../../../GitHub/FantasyLevelSDDemo/Content/AdvancedVillagePack/Maps/AdvancedVillagePack_Showcase.umap" TEMPLATE=0 SHOWPROGRESS=1 FEATURELEVEL=3
[2020.02.29-22.04.41:183][  0]LightingResults: New page: Lighting Build
[2020.02.29-22.04.41:188][  0]LogWorld: UWorld::CleanupWorld for Untitled, bSessionEnded=true, bCleanupResources=true
[2020.02.29-22.04.41:190][  0]MapCheck: New page: Map Check
[2020.02.29-22.04.41:190][  0]LightingResults: New page: Lighting Build
[2020.02.29-22.04.41:222][  0]LogUObjectHash: Compacting FUObjectHashTables data took   3.72ms
[2020.02.29-22.04.41:602][  0]LogBlueprint: Warning: [Compiler BP_Butterfly] Function ' Play Animation ' is unsafe to call in a construction script.
[2020.02.29-22.04.41:602][  0]LogBlueprint: Warning: [Compiler BP_Butterfly] Function ' Set Play Rate ' is unsafe to call in a construction script.
[2020.02.29-22.04.54:650][  0]LoadErrors: Warning: Linear color curves now accurately handle RGB values > 1. If you were relying on HSV clamping, please update CurveLinearColor_0
[2020.02.29-22.05.12:014][  0]LogAIModule: Creating AISystem for world AdvancedVillagePack_Showcase
[2020.02.29-22.05.16:635][  0]LogEditorServer: Finished looking for orphan Actors (0.000 secs)
[2020.02.29-22.05.16:996][  0]LogUObjectHash: Compacting FUObjectHashTables data took   2.99ms
[2020.02.29-22.05.16:996][  0]Cmd: MAP CHECKDEP NOCLEARLOG
[2020.02.29-22.05.16:998][  0]MapCheck: Map check complete: 0 Error(s), 0 Warning(s), took 0.628ms to complete.
[2020.02.29-22.05.16:998][  0]LogFileHelpers: Loading map 'AdvancedVillagePack_Showcase' took 35.821
[2020.02.29-22.05.17:335][  0]LogSlate: Updating window title bar state: overlay mode, drag disabled, window buttons hidden, title bar hidden
[2020.02.29-22.05.17:358][  0]LogSlate: Updating window title bar state: overlay mode, drag disabled, window buttons hidden, title bar hidden
[2020.02.29-22.05.17:376][  0]LogSlate: Updating window title bar state: overlay mode, drag disabled, window buttons hidden, title bar hidden
[2020.02.29-22.05.17:388][  0]LogSlate: Updating window title bar state: overlay mode, drag disabled, window buttons hidden, title bar hidden
[2020.02.29-22.05.17:430][  0]LogCollectionManager: Loaded 0 collections in 0.001598 seconds
[2020.02.29-22.05.17:442][  0]LogFileCache: Scanning file cache for directory 'F:/GitHub/FantasyLevelSDDemo/Saved/Collections/' took 0.00s
[2020.02.29-22.05.17:442][  0]LogFileCache: Scanning file cache for directory 'F:/GitHub/FantasyLevelSDDemo/Content/Developers/clark/Collections/' took 0.00s
[2020.02.29-22.05.17:442][  0]LogFileCache: Scanning file cache for directory 'F:/GitHub/FantasyLevelSDDemo/Content/Collections/' took 0.00s
[2020.02.29-22.05.17:442][  0]LogCollectionManager: Rebuilt the GUID cache for 0 collections in 0.000002 seconds
[2020.02.29-22.05.17:452][  0]LogContentBrowser: Native class hierarchy populated in 0.0100 seconds. Added 2863 classes and 680 folders.
[2020.02.29-22.05.17:459][  0]LogContentBrowser: Native class hierarchy updated for 'WidgetCarousel' in 0.0002 seconds. Added 0 classes and 0 folders.
[2020.02.29-22.05.17:853][  0]LogContentBrowser: Native class hierarchy updated for 'AddContentDialog' in 0.0002 seconds. Added 0 classes and 0 folders.
[2020.02.29-22.05.17:878][  0]LogContentBrowser: Native class hierarchy updated for 'SceneOutliner' in 0.0002 seconds. Added 1 classes and 2 folders.
[2020.02.29-22.05.17:969][  0]LogSlate: Took 0.016976 seconds to synchronously load lazily loaded font '../../../Engine/Content/Slate/Fonts/Roboto-Regular.ttf' (155K)
[2020.02.29-22.05.17:977][  0]LogSlate: Took 0.005947 seconds to synchronously load lazily loaded font '../../../Engine/Content/Slate/Fonts/Roboto-Bold.ttf' (160K)
[2020.02.29-22.05.17:989][  0]LogSlate: Took 0.006352 seconds to synchronously load lazily loaded font '../../../Engine/Content/Editor/Slate/Fonts/FontAwesome.ttf' (139K)
[2020.02.29-22.05.18:139][  0]LogRenderer: Reallocating scene render targets to support 872x436 Format 9 NumSamples 1 (Frame:1).
[2020.02.29-22.05.18:408][  0]LogContentBrowser: Native class hierarchy updated for 'HierarchicalLODOutliner' in 0.0003 seconds. Added 0 classes and 0 folders.
[2020.02.29-22.05.18:409][  0]LogLoad: (Engine Initialization) Total time: 104.87 seconds
[2020.02.29-22.05.18:409][  0]LogLoad: (Engine Initialization) Total Blueprint compile time: 0.00 seconds
[2020.02.29-22.05.18:485][  0]LogContentStreaming: Texture pool size now 600 MB
[2020.02.29-22.05.18:490][  0]LogSlate: FSceneViewport::OnFocusLost() reason 5
[2020.02.29-22.05.19:281][  0]LogSlate: Took 0.012739 seconds to synchronously load lazily loaded font '../../../Engine/Content/Slate/Fonts/Roboto-Light.ttf' (167K)
[2020.02.29-22.05.23:236][ 34]LogAssetRegistry: Asset discovery search completed in 73.7792 seconds
[2020.02.29-22.05.23:244][ 34]LogCollectionManager: Rebuilt the object cache for 0 collections in 0.000012 seconds (found 0 objects)
[2020.02.29-22.05.23:244][ 34]LogCollectionManager: Fixed up redirectors for 0 collections in 0.000107 seconds (updated 0 objects)
[2020.02.29-22.05.32:622][260]LogSlate: Window 'Message Log' being destroyed
[2020.02.29-22.05.32:628][260]LogSlate: Window 'Message Log' being destroyed
[2020.02.29-22.05.44:401][366]LogSlate: FSceneViewport::OnFocusLost() reason 0
[2020.02.29-22.06.01:131][752]LogSlate: Took 0.000406 seconds to synchronously load lazily loaded font '../../../Engine/Content/Slate/Fonts/Roboto-Light.ttf' (167K)
[2020.02.29-22.06.02:556][752]LogUObjectHash: Compacting FUObjectHashTables data took   2.33ms
[2020.02.29-22.06.02:556][752]LogMetaData: Removing '/Game/AdvancedVillagePack/Maps/AdvancedVillagePack_Thornhill.AdvancedVillagePack_Thornhill_C' ref from Metadata '/Game/AdvancedVillagePack/Maps/AdvancedVillagePack_Showcase.PackageMetaData'
[2020.02.29-22.06.02:556][752]LogMetaData: Removing '/Game/AdvancedVillagePack/Maps/AdvancedVillagePack_Thornhill.SKEL_AdvancedVillagePack_Thornhill_C' ref from Metadata '/Game/AdvancedVillagePack/Maps/AdvancedVillagePack_Showcase.PackageMetaData'
[2020.02.29-22.06.02:674][752]LogUObjectHash: Compacting FUObjectHashTables data took   2.96ms
[2020.02.29-22.06.04:793][752]LogSavePackage: Moving '../../../../../../GitHub/FantasyLevelSDDemo/Saved/AdvancedVillagePack_Thornhill27558B634501110C707E85B8DF288595.tmp' to '../../../../../../GitHub/FantasyLevelSDDemo/Content/AdvancedVillagePack/Maps/AdvancedVillagePack_Thornhill.umap'
[2020.02.29-22.06.04:991][752]LogFileHelpers: Saving map 'AdvancedVillagePack_Thornhill' took 2.387
[2020.02.29-22.06.05:187][752]LogUObjectHash: Compacting FUObjectHashTables data took   2.31ms
[2020.02.29-22.06.05:218][752]LogUObjectHash: Compacting FUObjectHashTables data took   2.13ms
[2020.02.29-22.06.05:249][752]LogUObjectHash: Compacting FUObjectHashTables data took   0.80ms
[2020.02.29-22.06.18:480][955]LogEditorSessionSummary: EditorSessionSummary sent report. Type=Shutdown, SessionId={B8B5446B-423B-7D7C-729E-AC8AC86FA9FF}
[2020.02.29-22.06.40:518][470]LogUObjectHash: Compacting FUObjectHashTables data took   2.11ms
[2020.02.29-22.06.40:732][470]LogAIModule: Creating AISystem for world AdvancedVillagePack_Wise
[2020.02.29-22.07.05:306][963]LogUObjectHash: Compacting FUObjectHashTables data took   5.83ms
[2020.02.29-22.07.06:063][963]LogAIModule: Creating AISystem for world AdvancedVillagePack_West
[2020.02.29-22.07.24:853][ 49]LogUObjectHash: Compacting FUObjectHashTables data took   5.70ms
[2020.02.29-22.07.25:463][ 49]LogAIModule: Creating AISystem for world AdvancedVillagePack_Tse
[2020.02.29-22.09.14:308][226]LogUObjectHash: Compacting FUObjectHashTables data took   4.08ms
[2020.02.29-22.09.16:607][226]LogSavePackage: Moving '../../../../../../GitHub/FantasyLevelSDDemo/Saved/AdvancedVillagePack_Thornhill5544DD6D40E44B9D18B3C0ABA93BE8E1.tmp' to '../../../../../../GitHub/FantasyLevelSDDemo/Content/AdvancedVillagePack/Maps/AdvancedVillagePack_Thornhill.umap'
[2020.02.29-22.09.17:393][242]LogUObjectHash: Compacting FUObjectHashTables data took   3.30ms
[2020.02.29-22.09.19:946][242]LogSlate: Window 'Save Content' being destroyed
[2020.02.29-22.09.20:794][242]LogUObjectHash: Compacting FUObjectHashTables data took   2.76ms
[2020.02.29-22.09.22:798][242]LogSavePackage: Moving '../../../../../../GitHub/FantasyLevelSDDemo/Saved/AdvancedVillagePack_Tse694CC2F045F1A2C0E5EE95BF4D987082.tmp' to '../../../../../../GitHub/FantasyLevelSDDemo/Content/AdvancedVillagePack/Maps/AdvancedVillagePack_Tse.umap'
[2020.02.29-22.09.23:632][242]LogFileHelpers: Saving map 'AdvancedVillagePack_Tse' took 3.646
[2020.02.29-22.09.25:321][242]LogUObjectHash: Compacting FUObjectHashTables data took   3.34ms
[2020.02.29-22.09.27:212][242]LogSavePackage: Moving '../../../../../../GitHub/FantasyLevelSDDemo/Saved/AdvancedVillagePack_West8C2B309441D09F5C9C7420ABD5D0F268.tmp' to '../../../../../../GitHub/FantasyLevelSDDemo/Content/AdvancedVillagePack/Maps/AdvancedVillagePack_West.umap'
[2020.02.29-22.09.28:186][242]LogFileHelpers: Saving map 'AdvancedVillagePack_West' took 4.541
[2020.02.29-22.09.29:902][242]LogUObjectHash: Compacting FUObjectHashTables data took   3.71ms
[2020.02.29-22.09.31:973][242]LogSavePackage: Moving '../../../../../../GitHub/FantasyLevelSDDemo/Saved/AdvancedVillagePack_WiseDB5B4E204537B0E2255F9C8B71A9828D.tmp' to '../../../../../../GitHub/FantasyLevelSDDemo/Content/AdvancedVillagePack/Maps/AdvancedVillagePack_Wise.umap'
[2020.02.29-22.09.34:062][242]LogFileHelpers: Saving map 'AdvancedVillagePack_Wise' took 5.861
[2020.02.29-22.09.34:179][242]LogSlate: Window 'FantasyVillageSDDemo - Unreal Editor' being destroyed
[2020.02.29-22.09.34:180][242]LogWindowsTextInputMethodSystem: Display: IME system now deactivated.
[2020.02.29-22.09.34:656][243]Cmd: QUIT_EDITOR
[2020.02.29-22.09.34:880][243]LogExit: Preparing to exit.
[2020.02.29-22.09.35:540][243]LogActorComponent: UnregisterComponent: (None.None) Not registered. Aborting.
[2020.02.29-22.09.35:540][243]LogActorComponent: UnregisterComponent: (None.None) Not registered. Aborting.
[2020.02.29-22.09.35:540][243]LogActorComponent: UnregisterComponent: (None.None) Not registered. Aborting.
[2020.02.29-22.09.35:540][243]LogActorComponent: UnregisterComponent: (None.None) Not registered. Aborting.
[2020.02.29-22.09.35:540][243]LogActorComponent: UnregisterComponent: (None.None) Not registered. Aborting.
[2020.02.29-22.09.35:540][243]LogActorComponent: UnregisterComponent: (None.None) Not registered. Aborting.
[2020.02.29-22.09.35:540][243]LogActorComponent: UnregisterComponent: (None.None) Not registered. Aborting.
[2020.02.29-22.09.35:540][243]LogWorld: UWorld::CleanupWorld for None, bSessionEnded=true, bCleanupResources=true
[2020.02.29-22.09.35:546][243]LogActorComponent: UnregisterComponent: (None.None) Not registered. Aborting.
[2020.02.29-22.09.35:546][243]LogActorComponent: UnregisterComponent: (None.None) Not registered. Aborting.
[2020.02.29-22.09.35:546][243]LogActorComponent: UnregisterComponent: (None.None) Not registered. Aborting.
[2020.02.29-22.09.35:546][243]LogActorComponent: UnregisterComponent: (None.None) Not registered. Aborting.
[2020.02.29-22.09.35:546][243]LogActorComponent: UnregisterComponent: (None.None) Not registered. Aborting.
[2020.02.29-22.09.35:546][243]LogActorComponent: UnregisterComponent: (None.None) Not registered. Aborting.
[2020.02.29-22.09.35:546][243]LogActorComponent: UnregisterComponent: (None.None) Not registered. Aborting.
[2020.02.29-22.09.35:546][243]LogWorld: UWorld::CleanupWorld for None, bSessionEnded=true, bCleanupResources=true
[2020.02.29-22.09.35:546][243]LogActorComponent: UnregisterComponent: (None.None) Not registered. Aborting.
[2020.02.29-22.09.35:546][243]LogActorComponent: UnregisterComponent: (None.None) Not registered. Aborting.
[2020.02.29-22.09.35:546][243]LogActorComponent: UnregisterComponent: (None.None) Not registered. Aborting.
[2020.02.29-22.09.35:546][243]LogActorComponent: UnregisterComponent: (None.None) Not registered. Aborting.
[2020.02.29-22.09.35:546][243]LogActorComponent: UnregisterComponent: (None.None) Not registered. Aborting.
[2020.02.29-22.09.35:546][243]LogActorComponent: UnregisterComponent: (None.None) Not registered. Aborting.
[2020.02.29-22.09.35:546][243]LogActorComponent: UnregisterComponent: (None.None) Not registered. Aborting.
[2020.02.29-22.09.35:546][243]LogWorld: UWorld::CleanupWorld for None, bSessionEnded=true, bCleanupResources=true
[2020.02.29-22.09.35:546][243]LogActorComponent: UnregisterComponent: (None.None) Not registered. Aborting.
[2020.02.29-22.09.35:546][243]LogActorComponent: UnregisterComponent: (None.None) Not registered. Aborting.
[2020.02.29-22.09.35:546][243]LogActorComponent: UnregisterComponent: (None.None) Not registered. Aborting.
[2020.02.29-22.09.35:546][243]LogActorComponent: UnregisterComponent: (None.None) Not registered. Aborting.
[2020.02.29-22.09.35:546][243]LogActorComponent: UnregisterComponent: (None.None) Not registered. Aborting.
[2020.02.29-22.09.35:546][243]LogActorComponent: UnregisterComponent: (None.None) Not registered. Aborting.
[2020.02.29-22.09.35:546][243]LogActorComponent: UnregisterComponent: (None.None) Not registered. Aborting.
[2020.02.29-22.09.35:546][243]LogWorld: UWorld::CleanupWorld for None, bSessionEnded=true, bCleanupResources=true
[2020.02.29-22.09.35:546][243]LogActorComponent: UnregisterComponent: (None.None) Not registered. Aborting.
[2020.02.29-22.09.35:546][243]LogActorComponent: UnregisterComponent: (None.None) Not registered. Aborting.
[2020.02.29-22.09.35:546][243]LogActorComponent: UnregisterComponent: (None.None) Not registered. Aborting.
[2020.02.29-22.09.35:546][243]LogActorComponent: UnregisterComponent: (None.None) Not registered. Aborting.
[2020.02.29-22.09.35:546][243]LogActorComponent: UnregisterComponent: (None.None) Not registered. Aborting.
[2020.02.29-22.09.35:546][243]LogActorComponent: UnregisterComponent: (None.None) Not registered. Aborting.
[2020.02.29-22.09.35:546][243]LogActorComponent: UnregisterComponent: (None.None) Not registered. Aborting.
[2020.02.29-22.09.35:546][243]LogWorld: UWorld::CleanupWorld for None, bSessionEnded=true, bCleanupResources=true
[2020.02.29-22.09.35:546][243]LogActorComponent: UnregisterComponent: (None.None) Not registered. Aborting.
[2020.02.29-22.09.35:546][243]LogActorComponent: UnregisterComponent: (None.None) Not registered. Aborting.
[2020.02.29-22.09.35:546][243]LogActorComponent: UnregisterComponent: (None.None) Not registered. Aborting.
[2020.02.29-22.09.35:546][243]LogActorComponent: UnregisterComponent: (None.None) Not registered. Aborting.
[2020.02.29-22.09.35:546][243]LogActorComponent: UnregisterComponent: (None.None) Not registered. Aborting.
[2020.02.29-22.09.35:546][243]LogActorComponent: UnregisterComponent: (None.None) Not registered. Aborting.
[2020.02.29-22.09.35:546][243]LogActorComponent: UnregisterComponent: (None.None) Not registered. Aborting.
[2020.02.29-22.09.35:546][243]LogWorld: UWorld::CleanupWorld for None, bSessionEnded=true, bCleanupResources=true
[2020.02.29-22.09.35:546][243]LogActorComponent: UnregisterComponent: (None.None) Not registered. Aborting.
[2020.02.29-22.09.35:546][243]LogActorComponent: UnregisterComponent: (None.None) Not registered. Aborting.
[2020.02.29-22.09.35:546][243]LogActorComponent: UnregisterComponent: (None.None) Not registered. Aborting.
[2020.02.29-22.09.35:547][243]LogActorComponent: UnregisterComponent: (None.None) Not registered. Aborting.
[2020.02.29-22.09.35:547][243]LogActorComponent: UnregisterComponent: (None.None) Not registered. Aborting.
[2020.02.29-22.09.35:547][243]LogActorComponent: UnregisterComponent: (None.None) Not registered. Aborting.
[2020.02.29-22.09.35:547][243]LogActorComponent: UnregisterComponent: (None.None) Not registered. Aborting.
[2020.02.29-22.09.35:547][243]LogWorld: UWorld::CleanupWorld for None, bSessionEnded=true, bCleanupResources=true
[2020.02.29-22.09.35:578][243]LogDemo: Cleaned up 0 splitscreen connections with owner deletion
[2020.02.29-22.09.35:655][243]LogExit: Editor shut down
[2020.02.29-22.09.35:657][243]LogExit: Transaction tracking system shut down
[2020.02.29-22.09.36:116][243]LogExit: Object subsystem successfully closed.
[2020.02.29-22.09.36:192][243]LogShaderCompilers: Display: Shaders left to compile 0
[2020.02.29-22.09.36:375][243]LogModuleManager: Shutting down and abandoning module HierarchicalLODUtilities (670)
[2020.02.29-22.09.36:375][243]LogModuleManager: Shutting down and abandoning module HierarchicalLODOutliner (668)
[2020.02.29-22.09.36:375][243]LogModuleManager: Shutting down and abandoning module SceneOutliner (666)
[2020.02.29-22.09.36:375][243]LogModuleManager: Shutting down and abandoning module AddContentDialog (664)
[2020.02.29-22.09.36:377][243]LogModuleManager: Shutting down and abandoning module WidgetCarousel (663)
[2020.02.29-22.09.36:377][243]LogModuleManager: Shutting down and abandoning module EditorWidgets (660)
[2020.02.29-22.09.36:377][243]LogModuleManager: Shutting down and abandoning module CollectionManager (658)
[2020.02.29-22.09.36:377][243]LogModuleManager: Shutting down and abandoning module StatsViewer (656)
[2020.02.29-22.09.36:378][243]LogModuleManager: Shutting down and abandoning module VirtualTexturingEditor (654)
[2020.02.29-22.09.36:378][243]LogModuleManager: Shutting down and abandoning module FoliageEdit (652)
[2020.02.29-22.09.36:378][243]LogModuleManager: Shutting down and abandoning module LandscapeEditor (650)
[2020.02.29-22.09.36:381][243]LogModuleManager: Shutting down and abandoning module MeshPaintMode (648)
[2020.02.29-22.09.36:381][243]LogModuleManager: Shutting down and abandoning module SceneDepthPickerMode (646)
[2020.02.29-22.09.36:381][243]LogModuleManager: Shutting down and abandoning module ActorPickerMode (644)
[2020.02.29-22.09.36:381][243]LogModuleManager: Shutting down and abandoning module GeometryMode (642)
[2020.02.29-22.09.36:381][243]LogModuleManager: Shutting down and abandoning module TextureAlignMode (640)
[2020.02.29-22.09.36:381][243]LogModuleManager: Shutting down and abandoning module BspMode (638)
[2020.02.29-22.09.36:381][243]LogModuleManager: Shutting down and abandoning module PIEPreviewDeviceProfileSelector (636)
[2020.02.29-22.09.36:382][243]LogModuleManager: Shutting down and abandoning module SequenceRecorderSections (634)
[2020.02.29-22.09.36:382][243]LogModuleManager: Shutting down and abandoning module AutomationWorker (632)
[2020.02.29-22.09.36:382][243]LogModuleManager: Shutting down and abandoning module OculusMR (630)
[2020.02.29-22.09.36:382][243]LogModuleManager: Shutting down and abandoning module AudioCaptureEditor (628)
[2020.02.29-22.09.36:382][243]LogModuleManager: Shutting down and abandoning module MatineeToLevelSequence (626)
[2020.02.29-22.09.36:383][243]LogModuleManager: Shutting down and abandoning module LevelSequenceEditor (624)
[2020.02.29-22.09.36:385][243]LogModuleManager: Shutting down and abandoning module PlacementMode (623)
[2020.02.29-22.09.36:385][243]LogModuleManager: Shutting down and abandoning module MaterialEditor (622)
[2020.02.29-22.09.36:386][243]LogModuleManager: Shutting down and abandoning module ActorSequenceEditor (618)
[2020.02.29-22.09.36:387][243]LogModuleManager: Shutting down and abandoning module WmfMediaFactory (616)
[2020.02.29-22.09.36:387][243]LogModuleManager: Shutting down and abandoning module WmfMediaEditor (614)
[2020.02.29-22.09.36:387][243]LogModuleManager: Shutting down and abandoning module WebMMediaFactory (612)
[2020.02.29-22.09.36:387][243]LogModuleManager: Shutting down and abandoning module WebMMediaEditor (610)
[2020.02.29-22.09.36:387][243]LogModuleManager: Shutting down and abandoning module WebMMedia (608)
[2020.02.29-22.09.36:387][243]LogModuleManager: Shutting down and abandoning module MediaPlayerEditor (606)
[2020.02.29-22.09.36:387][243]LogModuleManager: Shutting down and abandoning module MediaCompositingEditor (604)
[2020.02.29-22.09.36:389][243]LogModuleManager: Shutting down and abandoning module SequenceRecorder (603)
[2020.02.29-22.09.36:389][243]LogModuleManager: Shutting down and abandoning module OpenExrWrapper (600)
[2020.02.29-22.09.36:389][243]LogModuleManager: Shutting down and abandoning module ImgMediaFactory (598)
[2020.02.29-22.09.36:389][243]LogModuleManager: Shutting down and abandoning module ImgMediaEditor (596)
[2020.02.29-22.09.36:389][243]LogModuleManager: Shutting down and abandoning module AvfMediaFactory (594)
[2020.02.29-22.09.36:389][243]LogModuleManager: Shutting down and abandoning module AvfMediaEditor (592)
[2020.02.29-22.09.36:389][243]LogModuleManager: Shutting down and abandoning module AndroidMediaFactory (590)
[2020.02.29-22.09.36:389][243]LogModuleManager: Shutting down and abandoning module AndroidMediaEditor (588)
[2020.02.29-22.09.36:389][243]LogModuleManager: Shutting down and abandoning module MagicLeapCameraPreviewFactory (586)
[2020.02.29-22.09.36:389][243]LogModuleManager: Shutting down and abandoning module MagicLeapMediaCodecFactory (584)
[2020.02.29-22.09.36:389][243]LogModuleManager: Shutting down and abandoning module MagicLeapMediaFactory (582)
[2020.02.29-22.09.36:389][243]LogModuleManager: Shutting down and abandoning module MagicLeapMediaEditor (580)
[2020.02.29-22.09.36:389][243]LogModuleManager: Shutting down and abandoning module CharacterAI (578)
[2020.02.29-22.09.36:389][243]LogModuleManager: Shutting down and abandoning module SmartSnapping (576)
[2020.02.29-22.09.36:389][243]LogModuleManager: Shutting down and abandoning module SessionServices (574)
[2020.02.29-22.09.36:389][243]LogModuleManager: Shutting down and abandoning module MeshPaint (572)
[2020.02.29-22.09.36:390][243]LogModuleManager: Shutting down and abandoning module ViewportSnapping (570)
[2020.02.29-22.09.36:390][243]LogModuleManager: Shutting down and abandoning module ViewportInteraction (568)
[2020.02.29-22.09.36:390][243]LogModuleManager: Shutting down and abandoning module ClothPainter (566)
[2020.02.29-22.09.36:391][243]LogModuleManager: Shutting down and abandoning module SkeletalMeshEditor (565)
[2020.02.29-22.09.36:392][243]LogModuleManager: Shutting down and abandoning module LogVisualizer (562)
[2020.02.29-22.09.36:393][243]LogModuleManager: Shutting down and abandoning module IntroTutorials (560)
[2020.02.29-22.09.36:394][243]LogModuleManager: Shutting down and abandoning module GameProjectGeneration (559)
[2020.02.29-22.09.36:395][243]LogModuleManager: Shutting down and abandoning module LuminPlatformEditor (556)
[2020.02.29-22.09.36:395][243]LogModuleManager: Shutting down and abandoning module IOSPlatformEditor (554)
[2020.02.29-22.09.36:395][243]LogModuleManager: Shutting down and abandoning module HTML5PlatformEditor (552)
[2020.02.29-22.09.36:395][243]LogModuleManager: Shutting down and abandoning module AndroidPlatformEditor (550)
[2020.02.29-22.09.36:395][243]LogModuleManager: Shutting down and abandoning module AndroidDeviceDetection (549)
[2020.02.29-22.09.36:541][243]LogModuleManager: Shutting down and abandoning module WindowsPlatformEditor (546)
[2020.02.29-22.09.36:541][243]LogModuleManager: Shutting down and abandoning module LuminRuntimeSettings (544)
[2020.02.29-22.09.36:541][243]LogModuleManager: Shutting down and abandoning module IOSRuntimeSettings (542)
[2020.02.29-22.09.36:541][243]LogModuleManager: Shutting down and abandoning module AndroidRuntimeSettings (540)
[2020.02.29-22.09.36:541][243]LogModuleManager: Shutting down and abandoning module TimeManagementEditor (538)
[2020.02.29-22.09.36:544][243]LogModuleManager: Shutting down and abandoning module InputBindingEditor (536)
[2020.02.29-22.09.36:545][243]LogModuleManager: Shutting down and abandoning module MergeActors (534)
[2020.02.29-22.09.36:547][243]LogModuleManager: Shutting down and abandoning module LocalizationDashboard (532)
[2020.02.29-22.09.36:549][243]LogModuleManager: Shutting down and abandoning module LocalizationService (531)
[2020.02.29-22.09.36:549][243]LogModuleManager: Shutting down and abandoning module HardwareTargeting (528)
[2020.02.29-22.09.36:549][243]LogModuleManager: Shutting down and abandoning module DeviceProfileEditor (526)
[2020.02.29-22.09.36:549][243]LogModuleManager: Shutting down and abandoning module UndoHistory (524)
[2020.02.29-22.09.36:550][243]LogModuleManager: Shutting down and abandoning module XmlParser (522)
[2020.02.29-22.09.36:551][243]LogModuleManager: Shutting down and abandoning module Blutility (520)
[2020.02.29-22.09.36:551][243]LogModuleManager: Shutting down and abandoning module ProjectSettingsViewer (518)
[2020.02.29-22.09.36:551][243]LogModuleManager: Shutting down and abandoning module ProjectTargetPlatformEditor (517)
[2020.02.29-22.09.36:553][243]LogModuleManager: Shutting down and abandoning module EditorSettingsViewer (514)
[2020.02.29-22.09.36:553][243]LogModuleManager: Shutting down and abandoning module SettingsEditor (512)
[2020.02.29-22.09.36:555][243]LogModuleManager: Shutting down and abandoning module ProjectLauncher (510)
[2020.02.29-22.09.36:556][243]LogModuleManager: Shutting down and abandoning module SessionFrontend (508)
[2020.02.29-22.09.36:557][243]LogModuleManager: Shutting down and abandoning module ProfilerClient (506)
[2020.02.29-22.09.36:558][243]LogModuleManager: Shutting down and abandoning module DeviceManager (504)
[2020.02.29-22.09.36:559][243]LogModuleManager: Shutting down and abandoning module TargetDeviceServices (503)
[2020.02.29-22.09.36:602][243]LogModuleManager: Shutting down and abandoning module AutomationController (500)
[2020.02.29-22.09.36:603][243]LogModuleManager: Shutting down and abandoning module AutomationWindow (498)
[2020.02.29-22.09.36:604][243]LogModuleManager: Shutting down and abandoning module Layers (496)
[2020.02.29-22.09.36:606][243]LogModuleManager: Shutting down and abandoning module ComponentVisualizers (494)
[2020.02.29-22.09.36:606][243]LogModuleManager: Shutting down and abandoning module DetailCustomizations (492)
[2020.02.29-22.09.36:609][243]LogModuleManager: Shutting down and abandoning module PackagesDialog (490)
[2020.02.29-22.09.36:610][243]LogModuleManager: Shutting down and abandoning module AnimationBlueprintEditor (488)
[2020.02.29-22.09.36:613][243]LogModuleManager: Shutting down and abandoning module Persona (486)
[2020.02.29-22.09.36:615][243]LogModuleManager: Shutting down and abandoning module AdvancedPreviewScene (485)
[2020.02.29-22.09.36:616][243]LogModuleManager: Shutting down and abandoning module AnimGraph (483)
[2020.02.29-22.09.36:616][243]LogModuleManager: Shutting down and abandoning module Kismet (480)
[2020.02.29-22.09.36:622][243]LogModuleManager: Shutting down and abandoning module KismetWidgets (479)
[2020.02.29-22.09.36:622][243]LogModuleManager: Shutting down and abandoning module GraphEditor (476)
[2020.02.29-22.09.36:626][243]LogModuleManager: Shutting down and abandoning module StructViewer (474)
[2020.02.29-22.09.36:626][243]LogModuleManager: Shutting down and abandoning module ClassViewer (472)
[2020.02.29-22.09.36:627][243]LogModuleManager: Shutting down and abandoning module Toolbox (470)
[2020.02.29-22.09.36:627][243]LogModuleManager: Shutting down and abandoning module ModuleUI (468)
[2020.02.29-22.09.36:628][243]LogModuleManager: Shutting down and abandoning module MovieSceneTools (466)
[2020.02.29-22.09.36:630][243]LogModuleManager: Shutting down and abandoning module OutputLog (464)
[2020.02.29-22.09.36:632][243]LogModuleManager: Shutting down and abandoning module GammaUI (462)
[2020.02.29-22.09.36:632][243]LogModuleManager: Shutting down and abandoning module Documentation (460)
[2020.02.29-22.09.36:632][243]LogModuleManager: Shutting down and abandoning module LiveCoding (458)
[2020.02.29-22.09.36:633][243]LogModuleManager: Shutting down and abandoning module LevelSequence (456)
[2020.02.29-22.09.36:633][243]LogModuleManager: Shutting down and abandoning module MovieSceneTracks (454)
[2020.02.29-22.09.36:634][243]LogModuleManager: Shutting down and abandoning module MovieScene (452)
[2020.02.29-22.09.36:634][243]LogModuleManager: Shutting down and abandoning module StreamingPauseRendering (450)
[2020.02.29-22.09.36:634][243]LogModuleManager: Shutting down and abandoning module LauncherPlatform (448)
[2020.02.29-22.09.36:634][243]LogModuleManager: Shutting down and abandoning module AnalyticsET (446)
[2020.02.29-22.09.36:634][243]LogModuleManager: Shutting down and abandoning module PortalServices (444)
[2020.02.29-22.09.36:634][243]LogModuleManager: Shutting down and abandoning module PortalRpc (442)
[2020.02.29-22.09.36:634][243]LogModuleManager: Shutting down and abandoning module MessagingRpc (440)
[2020.02.29-22.09.36:635][243]LogModuleManager: Shutting down and abandoning module AIModule (438)
[2020.02.29-22.09.36:635][243]LogModuleManager: Shutting down and abandoning module GameplayDebugger (437)
[2020.02.29-22.09.36:635][243]LogModuleManager: Shutting down and abandoning module AITestSuite (435)
[2020.02.29-22.09.36:635][243]LogModuleManager: Shutting down and abandoning module NavigationSystem (433)
[2020.02.29-22.09.36:636][243]LogModuleManager: Shutting down and abandoning module DesktopPlatform (430)
[2020.02.29-22.09.36:637][243]LogModuleManager: Shutting down and abandoning module ImageWriteQueue (428)
[2020.02.29-22.09.36:642][243]LogModuleManager: Shutting down and abandoning module ProfilerService (426)
[2020.02.29-22.09.36:699][243]LogModuleManager: Shutting down and abandoning module TaskGraph (424)
[2020.02.29-22.09.36:701][243]LogModuleManager: Shutting down and abandoning module ScreenshotTools (422)
[2020.02.29-22.09.36:701][243]LogModuleManager: Shutting down and abandoning module SteamVRController (420)
[2020.02.29-22.09.36:701][243]LogModuleManager: Shutting down and abandoning module ProceduralMeshComponentEditor (418)
[2020.02.29-22.09.36:701][243]LogModuleManager: Shutting down and abandoning module ProceduralMeshComponent (416)
[2020.02.29-22.09.36:701][243]LogModuleManager: Shutting down and abandoning module OculusEditor (414)
[2020.02.29-22.09.36:701][243]LogModuleManager: Shutting down and abandoning module OculusInput (412)
[2020.02.29-22.09.36:701][243]LogModuleManager: Shutting down and abandoning module MobilePatchingUtils (410)
[2020.02.29-22.09.36:701][243]LogModuleManager: Shutting down and abandoning module EditableMesh (408)
[2020.02.29-22.09.36:701][243]LogModuleManager: Shutting down and abandoning module CustomMeshComponent (406)
[2020.02.29-22.09.36:701][243]LogModuleManager: Shutting down and abandoning module CableComponent (404)
[2020.02.29-22.09.36:702][243]LogModuleManager: Shutting down and abandoning module AudioCapture (402)
[2020.02.29-22.09.36:702][243]LogModuleManager: Shutting down and abandoning module ArchVisCharacter (400)
[2020.02.29-22.09.36:702][243]LogModuleManager: Shutting down and abandoning module AppleImageUtilsBlueprintSupport (398)
[2020.02.29-22.09.36:702][243]LogModuleManager: Shutting down and abandoning module AppleImageUtils (396)
[2020.02.29-22.09.36:702][243]LogModuleManager: Shutting down and abandoning module AndroidPermission (394)
[2020.02.29-22.09.36:702][243]LogModuleManager: Shutting down and abandoning module NUTUnrealEngine4 (392)
[2020.02.29-22.09.36:702][243]LogModuleManager: Shutting down and abandoning module NetcodeUnitTest (390)
[2020.02.29-22.09.36:704][243]LogModuleManager: Shutting down and abandoning module MediaCompositing (388)
[2020.02.29-22.09.36:704][243]LogModuleManager: Shutting down and abandoning module ImgMedia (386)
[2020.02.29-22.09.36:705][243]LogModuleManager: Shutting down and abandoning module MagicLeapHelperVulkan (384)
[2020.02.29-22.09.36:705][243]LogModuleManager: Shutting down and abandoning module MagicLeapHelperOpenGL (382)
[2020.02.29-22.09.36:705][243]LogModuleManager: Shutting down and abandoning module MagicLeapAudio (380)
[2020.02.29-22.09.36:705][243]LogModuleManager: Shutting down and abandoning module HTML5Networking (378)
[2020.02.29-22.09.36:705][243]LogModuleManager: Shutting down and abandoning module GeometryCacheTracks (376)
[2020.02.29-22.09.36:705][243]LogModuleManager: Shutting down and abandoning module GeometryCacheSequencer (374)
[2020.02.29-22.09.36:705][243]LogModuleManager: Shutting down and abandoning module BackChannel (372)
[2020.02.29-22.09.36:705][243]LogModuleManager: Shutting down and abandoning module AutomationUtilsEditor (370)
[2020.02.29-22.09.36:705][243]LogModuleManager: Shutting down and abandoning module AutomationUtils (368)
[2020.02.29-22.09.36:705][243]LogModuleManager: Shutting down and abandoning module AlembicImporter (366)
[2020.02.29-22.09.36:706][243]LogModuleManager: Shutting down and abandoning module AlembicLibrary (365)
[2020.02.29-22.09.36:706][243]LogModuleManager: Shutting down and abandoning module GeometryCache (364)
[2020.02.29-22.09.36:706][243]LogModuleManager: Shutting down and abandoning module GeometryCacheEd (363)
[2020.02.29-22.09.36:706][243]LogModuleManager: Shutting down and abandoning module VariantManagerContent (358)
[2020.02.29-22.09.36:706][243]LogModuleManager: Shutting down and abandoning module DatasmithContentEditor (356)
[2020.02.29-22.09.36:707][243]LogModuleManager: Shutting down and abandoning module SpeedTreeImporter (354)
[2020.02.29-22.09.36:707][243]LogModuleManager: Shutting down and abandoning module PluginBrowser (352)
[2020.02.29-22.09.36:710][243]LogModuleManager: Shutting down and abandoning module MobileLauncherProfileWizard (350)
[2020.02.29-22.09.36:711][243]LogModuleManager: Shutting down and abandoning module MaterialAnalyzer (348)
[2020.02.29-22.09.36:711][243]LogModuleManager: Shutting down and abandoning module CurveEditorTools (346)
[2020.02.29-22.09.36:712][243]LogModuleManager: Shutting down and abandoning module CurveEditor (345)
[2020.02.29-22.09.36:715][243]LogModuleManager: Shutting down and abandoning module CryptoKeysOpenSSL (342)
[2020.02.29-22.09.36:715][243]LogModuleManager: Shutting down and abandoning module CryptoKeys (340)
[2020.02.29-22.09.36:715][243]LogModuleManager: Shutting down and abandoning module VisualStudioSourceCodeAccess (338)
[2020.02.29-22.09.36:715][243]LogModuleManager: Shutting down and abandoning module VisualStudioCodeSourceCodeAccess (336)
[2020.02.29-22.09.36:716][243]LogModuleManager: Shutting down and abandoning module UObjectPlugin (334)
[2020.02.29-22.09.36:716][243]LogModuleManager: Shutting down and abandoning module SubversionSourceControl (332)
[2020.02.29-22.09.36:717][243]LogModuleManager: Shutting down and abandoning module PerforceSourceControl (330)
[2020.02.29-22.09.36:719][243]LogModuleManager: Shutting down and abandoning module GitSourceControl (328)
[2020.02.29-22.09.36:721][243]LogModuleManager: Shutting down and abandoning module SourceControl (327)
[2020.02.29-22.09.36:721][243]LogModuleManager: Shutting down and abandoning module CLionSourceCodeAccess (324)
[2020.02.29-22.09.36:721][243]LogModuleManager: Shutting down and abandoning module AnimationSharingEd (322)
[2020.02.29-22.09.36:721][243]LogModuleManager: Shutting down and abandoning module ActorLayerUtilitiesEditor (320)
[2020.02.29-22.09.36:721][243]LogModuleManager: Shutting down and abandoning module ActorLayerUtilities (318)
[2020.02.29-22.09.36:721][243]LogModuleManager: Shutting down and abandoning module LightPropagationVolumeEditor (316)
[2020.02.29-22.09.36:722][243]LogModuleManager: Shutting down and abandoning module PaperTiledImporter (314)
[2020.02.29-22.09.36:722][243]LogModuleManager: Shutting down and abandoning module PaperSpriteSheetImporter (312)
[2020.02.29-22.09.36:722][243]LogModuleManager: Shutting down and abandoning module Paper2DEditor (310)
[2020.02.29-22.09.36:724][243]LogModuleManager: Shutting down and abandoning module SignificanceManager (308)
[2020.02.29-22.09.36:724][243]LogModuleManager: Shutting down and abandoning module RuntimePhysXCooking (306)
[2020.02.29-22.09.36:724][243]LogModuleManager: Shutting down and abandoning module PhysXVehiclesEditor (304)
[2020.02.29-22.09.36:724][243]LogModuleManager: Shutting down and abandoning module LocationServicesBPLibrary (300)
[2020.02.29-22.09.36:725][243]LogModuleManager: Shutting down and abandoning module ActorSequence (298)
[2020.02.29-22.09.36:725][243]LogModuleManager: Shutting down and abandoning module UdpMessaging (296)
[2020.02.29-22.09.36:825][243]LogModuleManager: Shutting down and abandoning module TcpMessaging (294)
[2020.02.29-22.09.36:929][243]LogModuleManager: Shutting down and abandoning module MagicLeapIdentity (292)
[2020.02.29-22.09.36:929][243]LogModuleManager: Shutting down and abandoning module MagicLeapSecureStorage (290)
[2020.02.29-22.09.36:929][243]LogModuleManager: Shutting down and abandoning module MagicLeapHandTracking (288)
[2020.02.29-22.09.36:929][243]LogModuleManager: Shutting down and abandoning module MagicLeapEyeTracker (286)
[2020.02.29-22.09.36:930][243]LogModuleManager: Shutting down and abandoning module MagicLeapController (284)
[2020.02.29-22.09.36:931][243]LogSlate: Slate User Destroyed.  User Index 0, Is Virtual User: 0
[2020.02.29-22.09.36:931][243]LogModuleManager: Shutting down and abandoning module MagicLeapAR (282)
[2020.02.29-22.09.36:931][243]LogModuleManager: Shutting down and abandoning module AugmentedReality (281)
[2020.02.29-22.09.36:931][243]LogModuleManager: Shutting down and abandoning module GameplayTagsEditor (278)
[2020.02.29-22.09.36:931][243]LogModuleManager: Shutting down and abandoning module FacialAnimationEditor (276)
[2020.02.29-22.09.36:931][243]LogModuleManager: Shutting down and abandoning module FacialAnimation (274)
[2020.02.29-22.09.36:931][243]LogModuleManager: Shutting down and abandoning module DataValidation (272)
[2020.02.29-22.09.36:931][243]LogModuleManager: Shutting down and abandoning module AssetManagerEditor (270)
[2020.02.29-22.09.36:933][243]LogModuleManager: Shutting down and abandoning module LevelEditor (269)
[2020.02.29-22.09.36:935][243]LogModuleManager: Shutting down and abandoning module PixelInspectorModule (268)
[2020.02.29-22.09.36:936][243]LogModuleManager: Shutting down and abandoning module CommonMenuExtensions (266)
[2020.02.29-22.09.36:936][243]LogModuleManager: Shutting down and abandoning module MainFrame (264)
[2020.02.29-22.09.36:937][243]LogModuleManager: Shutting down and abandoning module HotReload (263)
[2020.02.29-22.09.36:937][243]LogModuleManager: Shutting down and abandoning module ContentBrowser (259)
[2020.02.29-22.09.36:940][243]LogModuleManager: Shutting down and abandoning module TreeMap (257)
[2020.02.29-22.09.36:940][243]LogModuleManager: Shutting down and abandoning module AnimationSharing (254)
[2020.02.29-22.09.36:940][243]LogModuleManager: Shutting down and abandoning module LightPropagationVolumeRuntime (252)
[2020.02.29-22.09.36:940][243]LogModuleManager: Shutting down and abandoning module Paper2D (250)
[2020.02.29-22.09.36:940][243]LogModuleManager: Shutting down and abandoning module WindowsMoviePlayer (248)
[2020.02.29-22.09.36:954][243]LogModuleManager: Shutting down and abandoning module WebMMoviePlayer (246)
[2020.02.29-22.09.36:954][243]LogModuleManager: Shutting down and abandoning module NetworkReplayStreaming (244)
[2020.02.29-22.09.36:954][243]LogModuleManager: Shutting down and abandoning module PacketHandler (242)
[2020.02.29-22.09.36:954][243]LogModuleManager: Shutting down and abandoning module ClothingSystemEditor (240)
[2020.02.29-22.09.36:954][243]LogModuleManager: Shutting down and abandoning module ClothingSystemRuntime (238)
[2020.02.29-22.09.36:956][243]LogModuleManager: Shutting down and abandoning module MediaAssets (236)
[2020.02.29-22.09.36:956][243]LogModuleManager: Shutting down and abandoning module Overlay (234)
[2020.02.29-22.09.36:956][243]LogModuleManager: Shutting down and abandoning module OverlayEditor (233)
[2020.02.29-22.09.36:956][243]LogModuleManager: Shutting down and abandoning module VREditor (230)
[2020.02.29-22.09.36:958][243]LogModuleManager: Shutting down and abandoning module StringTableEditor (228)
[2020.02.29-22.09.36:959][243]LogModuleManager: Shutting down and abandoning module GameplayTasksEditor (226)
[2020.02.29-22.09.36:959][243]LogModuleManager: Shutting down and abandoning module BehaviorTreeEditor (224)
[2020.02.29-22.09.36:960][243]LogModuleManager: Shutting down and abandoning module FunctionalTesting (222)
[2020.02.29-22.09.36:962][243]LogModuleManager: Shutting down and abandoning module CollisionAnalyzer (220)
[2020.02.29-22.09.36:964][243]LogModuleManager: Shutting down and abandoning module WorkspaceMenuStructure (219)
[2020.02.29-22.09.36:966][243]LogModuleManager: Shutting down and abandoning module UMG (216)
[2020.02.29-22.09.36:967][243]LogModuleManager: Shutting down and abandoning module UMGEditor (215)
[2020.02.29-22.09.36:969][243]LogModuleManager: Shutting down and abandoning module Sequencer (214)
[2020.02.29-22.09.36:972][243]LogModuleManager: Shutting down and abandoning module MessageLog (211)
[2020.02.29-22.09.36:972][243]LogModuleManager: Shutting down and abandoning module SlateReflector (206)
[2020.02.29-22.09.36:975][243]LogModuleManager: Shutting down and abandoning module Slate (204)
[2020.02.29-22.09.36:975][243]LogModuleManager: Shutting down and abandoning module LandscapeEditorUtilities (202)
[2020.02.29-22.09.36:975][243]LogModuleManager: Shutting down and abandoning module EditorStyle (200)
[2020.02.29-22.09.36:981][243]LogModuleManager: Shutting down and abandoning module UnrealEd (198)
[2020.02.29-22.09.36:981][243]LogModuleManager: Shutting down and abandoning module MRMesh (196)
[2020.02.29-22.09.36:981][243]LogModuleManager: Shutting down and abandoning module SourceCodeAccess (194)
[2020.02.29-22.09.36:981][243]LogModuleManager: Shutting down and abandoning module HeadMountedDisplay (192)
[2020.02.29-22.09.36:982][243]LogModuleManager: Shutting down and abandoning module XAudio2 (190)
[2020.02.29-22.09.36:982][243]LogModuleManager: Shutting down and abandoning module Networking (188)
[2020.02.29-22.09.36:982][243]LogModuleManager: Shutting down and abandoning module Core (186)
[2020.02.29-22.09.36:982][243]LogModuleManager: Shutting down and abandoning module KismetCompiler (184)
[2020.02.29-22.09.36:982][243]LogModuleManager: Shutting down and abandoning module MeshUtilities (182)
[2020.02.29-22.09.36:983][243]LogModuleManager: Shutting down and abandoning module MeshMergeUtilities (181)
[2020.02.29-22.09.36:984][243]LogModuleManager: Shutting down and abandoning module MeshReductionInterface (180)
[2020.02.29-22.09.36:984][243]LogModuleManager: Shutting down and abandoning module SkeletalMeshReduction (179)
[2020.02.29-22.09.36:985][243]LogModuleManager: Shutting down and abandoning module ProxyLODMeshReduction (177)
[2020.02.29-22.09.36:988][243]LogModuleManager: Shutting down and abandoning module QuadricMeshReduction (175)
[2020.02.29-22.09.36:988][243]LogModuleManager: Shutting down and abandoning module MaterialBaking (171)
[2020.02.29-22.09.36:989][243]LogModuleManager: Shutting down and abandoning module NullInstallBundleManager (166)
[2020.02.29-22.09.36:989][243]LogModuleManager: Shutting down and abandoning module DerivedDataCache (164)
[2020.02.29-22.09.37:033][243]LogDerivedDataCache: Shutdown
[2020.02.29-22.09.37:033][243]LogModuleManager: Shutting down and abandoning module XGEController (162)
[2020.02.29-22.09.37:034][243]LogXGEController: Cleaning working directory: C:/Users/clark/AppData/Local/Temp/UnrealXGEWorkingDir/
[2020.02.29-22.09.37:035][243]LogModuleManager: Shutting down and abandoning module TargetPlatform (160)
[2020.02.29-22.09.37:036][243]LogModuleManager: Shutting down and abandoning module VulkanShaderFormat (159)
[2020.02.29-22.09.37:036][243]LogModuleManager: Shutting down and abandoning module ShaderFormatVectorVM (157)
[2020.02.29-22.09.37:037][243]LogModuleManager: Shutting down and abandoning module ShaderFormatOpenGL (155)
[2020.02.29-22.09.37:037][243]LogModuleManager: Shutting down and abandoning module ShaderFormatD3D (153)
[2020.02.29-22.09.37:037][243]LogModuleManager: Shutting down and abandoning module MetalShaderFormat (151)
[2020.02.29-22.09.37:038][243]LogModuleManager: Shutting down and abandoning module TextureFormatUncompressed (149)
[2020.02.29-22.09.37:038][243]LogModuleManager: Shutting down and abandoning module TextureFormatPVR (147)
[2020.02.29-22.09.37:038][243]LogModuleManager: Shutting down and abandoning module TextureFormatDXT (145)
[2020.02.29-22.09.37:038][243]LogModuleManager: Shutting down and abandoning module TextureFormatIntelISPCTexComp (143)
[2020.02.29-22.09.37:040][243]LogModuleManager: Shutting down and abandoning module TextureFormatASTC (141)
[2020.02.29-22.09.37:041][243]LogModuleManager: Shutting down and abandoning module ImageWrapper (140)
[2020.02.29-22.09.37:041][243]LogModuleManager: Shutting down and abandoning module TextureFormatAndroid (137)
[2020.02.29-22.09.37:041][243]LogModuleManager: Shutting down and abandoning module AudioFormatOpus (135)
[2020.02.29-22.09.37:041][243]LogModuleManager: Shutting down and abandoning module AudioFormatOgg (133)
[2020.02.29-22.09.37:041][243]LogModuleManager: Shutting down and abandoning module AudioFormatADPCM (131)
[2020.02.29-22.09.37:041][243]LogModuleManager: Shutting down and abandoning module LuminTargetPlatform (129)
[2020.02.29-22.09.37:065][243]LogModuleManager: Shutting down and abandoning module LinuxTargetPlatform (127)
[2020.02.29-22.09.37:065][243]LogModuleManager: Shutting down and abandoning module LinuxServerTargetPlatform (125)
[2020.02.29-22.09.37:065][243]LogModuleManager: Shutting down and abandoning module LinuxNoEditorTargetPlatform (123)
[2020.02.29-22.09.37:065][243]LogModuleManager: Shutting down and abandoning module LinuxClientTargetPlatform (121)
[2020.02.29-22.09.37:065][243]LogModuleManager: Shutting down and abandoning module TVOSTargetPlatform (119)
[2020.02.29-22.09.37:071][243]LogModuleManager: Shutting down and abandoning module Messaging (117)
[2020.02.29-22.09.37:071][243]LogModuleManager: Shutting down and abandoning module IOSTargetPlatform (115)
[2020.02.29-22.09.37:075][243]LogModuleManager: Shutting down and abandoning module HTML5TargetPlatform (113)
[2020.02.29-22.09.37:075][243]LogModuleManager: Shutting down and abandoning module AndroidTargetPlatform (111)
[2020.02.29-22.09.37:103][243]LogModuleManager: Shutting down and abandoning module WindowsTargetPlatform (109)
[2020.02.29-22.09.37:103][243]LogModuleManager: Shutting down and abandoning module WindowsServerTargetPlatform (107)
[2020.02.29-22.09.37:104][243]LogModuleManager: Shutting down and abandoning module WindowsNoEditorTargetPlatform (105)
[2020.02.29-22.09.37:104][243]LogModuleManager: Shutting down and abandoning module WindowsClientTargetPlatform (103)
[2020.02.29-22.09.37:105][243]LogModuleManager: Shutting down and abandoning module MacTargetPlatform (101)
[2020.02.29-22.09.37:105][243]LogModuleManager: Shutting down and abandoning module MacServerTargetPlatform (99)
[2020.02.29-22.09.37:105][243]LogModuleManager: Shutting down and abandoning module MacNoEditorTargetPlatform (97)
[2020.02.29-22.09.37:106][243]LogModuleManager: Shutting down and abandoning module MacClientTargetPlatform (95)
[2020.02.29-22.09.37:106][243]LogModuleManager: Shutting down and abandoning module AllDesktopTargetPlatform (93)
[2020.02.29-22.09.37:106][243]LogModuleManager: Shutting down and abandoning module InputCore (90)
[2020.02.29-22.09.37:106][243]LogModuleManager: Shutting down and abandoning module Settings (88)
[2020.02.29-22.09.37:106][243]LogModuleManager: Shutting down and abandoning module DirectoryWatcher (86)
[2020.02.29-22.09.37:107][243]LogModuleManager: Shutting down and abandoning module PhysXCooking (84)
[2020.02.29-22.09.37:107][243]LogModuleManager: Shutting down and abandoning module WindowsPlatformFeatures (82)
[2020.02.29-22.09.37:108][243]LogModuleManager: Shutting down and abandoning module GameplayMediaEncoder (81)
[2020.02.29-22.09.37:109][243]LogModuleManager: Shutting down and abandoning module SteamVR (78)
[2020.02.29-22.09.37:109][243]LogHMD: Freeing OpenVRDLLHandle.
[2020.02.29-22.09.37:109][243]LogModuleManager: Shutting down and abandoning module OculusHMD (76)
[2020.02.29-22.09.37:109][243]LogModuleManager: Shutting down and abandoning module ExampleDeviceProfileSelector (74)
[2020.02.29-22.09.37:109][243]LogModuleManager: Shutting down and abandoning module LauncherChunkInstaller (72)
[2020.02.29-22.09.37:109][243]LogModuleManager: Shutting down and abandoning module OnlineBlueprintSupport (70)
[2020.02.29-22.09.37:109][243]LogModuleManager: Shutting down and abandoning module OnlineSubsystem (66)
[2020.02.29-22.09.37:117][243]LogModuleManager: Shutting down and abandoning module XMPP (61)
[2020.02.29-22.09.37:117][243]LogModuleManager: Shutting down and abandoning module WebSockets (60)
[2020.02.29-22.09.37:133][243]LogModuleManager: Shutting down and abandoning module HTTP (57)
[2020.02.29-22.09.37:134][243]LogHttp: Display: Http module shutting down, but needs to wait on 1 outstanding Http requests:
[2020.02.29-22.09.37:134][243]LogHttp: Display: 	verb=[POST] url=[https://datarouter.ol.epicgames.com/datarouter/api/v1/public/data?SessionID=%7B51674A23-4002-F6E4-B3B8-118F1723EF79%7D&AppID=UEEditor.Rocket.Release&AppVersion=4.23.1-9631420%2B%2B%2BUE4%2BRelease-4.23&UserID=7ae814a8424499c0dbf579af900d4787%7Cbda2c2720ae048109909fadbd9679923%7C9305582b-5f07-4cbe-9bd9-814792a3ebd1&AppEnvironment=datacollector-binary&UploadType=eteventstream] status=Processing
[2020.02.29-22.09.37:142][243]LogModuleManager: Shutting down and abandoning module SSL (56)
[2020.02.29-22.09.37:149][243]LogModuleManager: Shutting down and abandoning module WmfMedia (52)
[2020.02.29-22.09.37:164][243]LogModuleManager: Shutting down and abandoning module Media (51)
[2020.02.29-22.09.37:165][243]LogModuleManager: Shutting down and abandoning module MagicLeap (48)
[2020.02.29-22.09.37:166][243]LogModuleManager: Shutting down and abandoning module DatasmithContent (46)
[2020.02.29-22.09.37:166][243]LogModuleManager: Shutting down and abandoning module AISupportModule (44)
[2020.02.29-22.09.37:166][243]LogModuleManager: Shutting down and abandoning module PlatformCryptoOpenSSL (42)
[2020.02.29-22.09.37:167][243]LogModuleManager: Shutting down and abandoning module PlatformCrypto (40)
[2020.02.29-22.09.37:167][243]LogModuleManager: Shutting down and abandoning module AnimationModifiers (38)
[2020.02.29-22.09.37:168][243]LogModuleManager: Shutting down and abandoning module PropertyEditor (37)
[2020.02.29-22.09.37:172][243]LogModuleManager: Shutting down and abandoning module AudioEditor (34)
[2020.02.29-22.09.37:176][243]LogModuleManager: Shutting down and abandoning module TextureCompressor (32)
[2020.02.29-22.09.37:186][243]LogModuleManager: Shutting down and abandoning module RenderCore (30)
[2020.02.29-22.09.37:186][243]LogModuleManager: Shutting down and abandoning module Landscape (28)
[2020.02.29-22.09.37:186][243]LogModuleManager: Shutting down and abandoning module SlateRHIRenderer (26)
[2020.02.29-22.09.37:195][243]LogModuleManager: Shutting down and abandoning module OpenGLDrv (24)
[2020.02.29-22.09.37:196][243]LogModuleManager: Shutting down and abandoning module D3D11RHI (22)
[2020.02.29-22.09.37:196][243]LogModuleManager: Shutting down and abandoning module AnimGraphRuntime (20)
[2020.02.29-22.09.37:196][243]LogModuleManager: Shutting down and abandoning module Renderer (18)
[2020.02.29-22.09.37:196][243]LogModuleManager: Shutting down and abandoning module Engine (16)
[2020.02.29-22.09.37:196][243]LogModuleManager: Shutting down and abandoning module CoreUObject (14)
[2020.02.29-22.09.37:196][243]LogModuleManager: Shutting down and abandoning module NetworkFile (12)
[2020.02.29-22.09.37:197][243]LogModuleManager: Shutting down and abandoning module CookedIterativeFile (10)
[2020.02.29-22.09.37:197][243]LogModuleManager: Shutting down and abandoning module StreamingFile (8)
[2020.02.29-22.09.37:197][243]LogModuleManager: Shutting down and abandoning module SandboxFile (6)
[2020.02.29-22.09.37:197][243]LogModuleManager: Shutting down and abandoning module PakFile (4)
[2020.02.29-22.09.37:199][243]LogModuleManager: Shutting down and abandoning module RSA (3)
[2020.02.29-22.09.37:202][243]LogD3D11RHI: Shutdown
[2020.02.29-22.09.37:203][243]LogD3D11RHI: CleanupD3DDevice
[2020.02.29-22.09.37:212][243]LogRendererCore: FGlobalDynamicReadBuffer::Cleanup()
[2020.02.29-22.09.37:212][243]LogRendererCore: FGlobalDynamicReadBuffer::Cleanup()
[2020.02.29-22.09.37:212][243]LogRendererCore: FGlobalDynamicReadBuffer::Cleanup()
